2025-09-06 17:08:30 - INFO - ========== INICIANDO PROCESO ETL DE LIQUIDACIONES ==========
2025-09-06 17:08:30 - INFO - ℹ️ Creando tabla historical_settlements (primer uso)...
2025-09-06 17:08:30 - INFO - ✅ Tabla historical_settlements creada.
2025-09-06 17:08:30 - INFO - ℹ️ Creando tabla historical_settlement_items (primer uso)...
2025-09-06 17:08:30 - INFO - ✅ Tabla historical_settlement_items creada.
2025-09-06 17:08:30 - INFO - ℹ️ Periodos a procesar: 81 (desde 01-2019 hasta 09-2025)
2025-09-06 17:08:30 - INFO - 
============================================================
2025-09-06 17:08:30 - INFO - 📆 Procesando período 1/81: 01-2019  (date param: 01-01-2019)
2025-09-06 17:08:41 - INFO -    ℹ️ Liquidaciones obtenidas: 386
2025-09-06 17:08:41 - ERROR -      ❌ Error insertando chunk en historical_settlements: List argument must consist only of dictionaries
2025-09-06 17:08:41 - ERROR -      ❌ Error insertando chunk en historical_settlements: List argument must consist only of dictionaries
2025-09-06 17:08:41 - INFO -    ✅ Insertados/actualizados: 0 filas en historical_settlements
2025-09-06 17:08:41 - INFO -    ✅ Insertados aproximados: 5871 filas en historical_settlement_items
2025-09-06 17:08:41 - INFO - 
============================================================
2025-09-06 17:08:41 - INFO - 📆 Procesando período 2/81: 02-2019  (date param: 01-02-2019)
2025-09-06 17:08:51 - INFO -    ℹ️ Liquidaciones obtenidas: 388
2025-09-06 17:08:51 - ERROR -      ❌ Error insertando chunk en historical_settlements: List argument must consist only of dictionaries
2025-09-06 17:08:51 - ERROR -      ❌ Error insertando chunk en historical_settlements: List argument must consist only of dictionaries
2025-09-06 17:08:51 - INFO -    ✅ Insertados/actualizados: 0 filas en historical_settlements
2025-09-06 17:08:51 - INFO -    ✅ Insertados aproximados: 5439 filas en historical_settlement_items
2025-09-06 17:08:51 - INFO - 
============================================================
2025-09-06 17:08:51 - INFO - 📆 Procesando período 3/81: 03-2019  (date param: 01-03-2019)
2025-09-06 17:12:28 - INFO - ========== INICIANDO PROCESO ETL DE LIQUIDACIONES ==========
2025-09-06 17:12:28 - INFO - ℹ️ Periodos a procesar: 81 (desde 01-2019 hasta 09-2025)
2025-09-06 17:12:28 - INFO - 
============================================================
2025-09-06 17:12:28 - INFO - 📆 Procesando período 1/81: 01-2019  (date param: 01-01-2019)
2025-09-06 17:12:44 - INFO -    ℹ️ Liquidaciones obtenidas: 386
2025-09-06 17:12:44 - ERROR -    ❌ Falló procesamiento para periodo 01-2019: Must specify a fill 'value' or 'method'.
2025-09-06 17:12:44 - INFO - 
============================================================
2025-09-06 17:12:44 - INFO - 📆 Procesando período 2/81: 02-2019  (date param: 01-02-2019)
2025-09-06 17:12:55 - INFO -    ℹ️ Liquidaciones obtenidas: 388
2025-09-06 17:12:55 - ERROR -    ❌ Falló procesamiento para periodo 02-2019: Must specify a fill 'value' or 'method'.
2025-09-06 17:12:55 - INFO - 
============================================================
2025-09-06 17:12:55 - INFO - 📆 Procesando período 3/81: 03-2019  (date param: 01-03-2019)
2025-09-06 17:14:20 - INFO - ========== INICIANDO PROCESO ETL DE LIQUIDACIONES ==========
2025-09-06 17:14:20 - INFO - ℹ️ Periodos a procesar: 81 (desde 01-2019 hasta 09-2025)
2025-09-06 17:14:20 - INFO - 
============================================================
2025-09-06 17:14:20 - INFO - 📆 Procesando período 1/81: 01-2019  (date param: 01-01-2019)
2025-09-06 17:14:39 - INFO -    ℹ️ Liquidaciones obtenidas: 386
2025-09-06 17:14:39 - ERROR -    ❌ Falló procesamiento para periodo 01-2019: Must specify a fill 'value' or 'method'.
2025-09-06 17:14:39 - INFO - 
============================================================
2025-09-06 17:14:39 - INFO - 📆 Procesando período 2/81: 02-2019  (date param: 01-02-2019)
2025-09-06 17:16:37 - INFO - ========== INICIANDO PROCESO ETL DE LIQUIDACIONES ==========
2025-09-06 17:16:37 - INFO - ℹ️ Periodos a procesar: 81 (desde 01-2019 hasta 09-2025)
2025-09-06 17:16:37 - INFO - 
============================================================
2025-09-06 17:16:37 - INFO - 📆 Procesando período 1/81: 01-2019  (date param: 01-01-2019)
2025-09-06 17:16:47 - INFO -    ℹ️ Liquidaciones obtenidas: 386
2025-09-06 17:16:48 - INFO -    ✅ Insertados/actualizados: 386 filas en historical_settlements
2025-09-06 17:16:48 - INFO -    ✅ Insertados aproximados: 5871 filas en historical_settlement_items
2025-09-06 17:16:48 - INFO - 
============================================================
2025-09-06 17:16:48 - INFO - 📆 Procesando período 2/81: 02-2019  (date param: 01-02-2019)
2025-09-06 17:16:58 - INFO -    ℹ️ Liquidaciones obtenidas: 388
2025-09-06 17:16:59 - INFO -    ✅ Insertados/actualizados: 388 filas en historical_settlements
2025-09-06 17:16:59 - INFO -    ✅ Insertados aproximados: 5439 filas en historical_settlement_items
2025-09-06 17:16:59 - INFO - 
============================================================
2025-09-06 17:16:59 - INFO - 📆 Procesando período 3/81: 03-2019  (date param: 01-03-2019)
2025-09-06 17:17:09 - INFO -    ℹ️ Liquidaciones obtenidas: 385
2025-09-06 17:17:09 - INFO -    ✅ Insertados/actualizados: 385 filas en historical_settlements
2025-09-06 17:17:10 - INFO -    ✅ Insertados aproximados: 5025 filas en historical_settlement_items
2025-09-06 17:17:10 - INFO - 
============================================================
2025-09-06 17:17:10 - INFO - 📆 Procesando período 4/81: 04-2019  (date param: 01-04-2019)
2025-09-06 17:17:22 - INFO -    ℹ️ Liquidaciones obtenidas: 386
2025-09-06 17:17:22 - INFO -    ✅ Insertados/actualizados: 386 filas en historical_settlements
2025-09-06 17:17:22 - INFO -    ✅ Insertados aproximados: 5068 filas en historical_settlement_items
2025-09-06 17:17:23 - INFO - 
============================================================
2025-09-06 17:17:23 - INFO - 📆 Procesando período 5/81: 05-2019  (date param: 01-05-2019)
2025-09-06 17:17:38 - INFO -    ℹ️ Liquidaciones obtenidas: 385
2025-09-06 17:17:38 - INFO -    ✅ Insertados/actualizados: 385 filas en historical_settlements
2025-09-06 17:17:38 - INFO -    ✅ Insertados aproximados: 5035 filas en historical_settlement_items
2025-09-06 17:17:38 - INFO - 
============================================================
2025-09-06 17:17:38 - INFO - 📆 Procesando período 6/81: 06-2019  (date param: 01-06-2019)
2025-09-06 17:17:53 - INFO -    ℹ️ Liquidaciones obtenidas: 384
2025-09-06 17:17:54 - INFO -    ✅ Insertados/actualizados: 384 filas en historical_settlements
2025-09-06 17:17:54 - INFO -    ✅ Insertados aproximados: 4928 filas en historical_settlement_items
2025-09-06 17:17:54 - INFO - 
============================================================
2025-09-06 17:17:54 - INFO - 📆 Procesando período 7/81: 07-2019  (date param: 01-07-2019)
2025-09-06 17:18:11 - INFO -    ℹ️ Liquidaciones obtenidas: 383
2025-09-06 17:18:12 - INFO -    ✅ Insertados/actualizados: 383 filas en historical_settlements
2025-09-06 17:18:12 - INFO -    ✅ Insertados aproximados: 4978 filas en historical_settlement_items
2025-09-06 17:18:12 - INFO - 
============================================================
2025-09-06 17:18:12 - INFO - 📆 Procesando período 8/81: 08-2019  (date param: 01-08-2019)
2025-09-06 17:41:14 - INFO - ========== INICIANDO PROCESO ETL DE LIQUIDACIONES ==========
2025-09-06 17:41:14 - INFO - 🔧 Índice problemático eliminado
2025-09-06 17:41:14 - INFO - ✅ Índice único compuesto creado
2025-09-06 17:41:14 - INFO - ℹ️ Periodos a procesar: 81 (desde 01-2019 hasta 09-2025)
2025-09-06 17:41:14 - INFO - 
============================================================
2025-09-06 17:41:14 - INFO - 📆 Procesando período 1/81: 01-2019  (date param: 01-01-2019)
2025-09-06 17:41:25 - INFO -    ℹ️ Liquidaciones obtenidas: 386
2025-09-06 17:41:26 - INFO -    ✅ Insertados/actualizados: 386 filas en historical_settlements
2025-09-06 17:41:26 - INFO -    ✅ Insertados aproximados: 5871 filas en historical_settlement_items
2025-09-06 17:41:26 - INFO - 
============================================================
2025-09-06 17:41:26 - INFO - 📆 Procesando período 2/81: 02-2019  (date param: 01-02-2019)
2025-09-06 17:41:39 - INFO -    ℹ️ Liquidaciones obtenidas: 388
2025-09-06 17:41:39 - INFO -    ✅ Insertados/actualizados: 388 filas en historical_settlements
2025-09-06 17:41:39 - INFO -    ✅ Insertados aproximados: 5439 filas en historical_settlement_items
2025-09-06 17:41:39 - INFO - 
============================================================
2025-09-06 17:41:39 - INFO - 📆 Procesando período 3/81: 03-2019  (date param: 01-03-2019)
2025-09-06 17:41:50 - INFO -    ℹ️ Liquidaciones obtenidas: 385
2025-09-06 17:41:50 - INFO -    ✅ Insertados/actualizados: 385 filas en historical_settlements
2025-09-06 17:41:50 - INFO -    ✅ Insertados aproximados: 5025 filas en historical_settlement_items
2025-09-06 17:41:51 - INFO - 
============================================================
2025-09-06 17:41:51 - INFO - 📆 Procesando período 4/81: 04-2019  (date param: 01-04-2019)
2025-09-06 17:42:03 - INFO -    ℹ️ Liquidaciones obtenidas: 386
2025-09-06 17:42:03 - INFO -    ✅ Insertados/actualizados: 386 filas en historical_settlements
2025-09-06 17:42:03 - INFO -    ✅ Insertados aproximados: 5068 filas en historical_settlement_items
2025-09-06 17:42:03 - INFO - 
============================================================
2025-09-06 17:42:03 - INFO - 📆 Procesando período 5/81: 05-2019  (date param: 01-05-2019)
2025-09-06 17:42:18 - INFO -    ℹ️ Liquidaciones obtenidas: 385
2025-09-06 17:42:18 - INFO -    ✅ Insertados/actualizados: 385 filas en historical_settlements
2025-09-06 17:42:19 - INFO -    ✅ Insertados aproximados: 5035 filas en historical_settlement_items
2025-09-06 17:42:19 - INFO - 
============================================================
2025-09-06 17:42:19 - INFO - 📆 Procesando período 6/81: 06-2019  (date param: 01-06-2019)
2025-09-06 17:42:32 - INFO -    ℹ️ Liquidaciones obtenidas: 384
2025-09-06 17:42:33 - INFO -    ✅ Insertados/actualizados: 384 filas en historical_settlements
2025-09-06 17:42:33 - INFO -    ✅ Insertados aproximados: 4928 filas en historical_settlement_items
2025-09-06 17:42:33 - INFO - 
============================================================
2025-09-06 17:42:33 - INFO - 📆 Procesando período 7/81: 07-2019  (date param: 01-07-2019)
2025-09-06 17:42:41 - INFO -    ℹ️ Liquidaciones obtenidas: 383
2025-09-06 17:42:42 - INFO -    ✅ Insertados/actualizados: 383 filas en historical_settlements
2025-09-06 17:42:42 - INFO -    ✅ Insertados aproximados: 4978 filas en historical_settlement_items
2025-09-06 17:42:42 - INFO - 
============================================================
2025-09-06 17:42:42 - INFO - 📆 Procesando período 8/81: 08-2019  (date param: 01-08-2019)
2025-09-06 17:46:41 - INFO - ========== INICIANDO PROCESO ETL DE LIQUIDACIONES ==========
2025-09-06 17:46:41 - INFO - ℹ️ Periodos a procesar: 81 (desde 01-2019 hasta 09-2025)
2025-09-06 17:46:41 - INFO - 
============================================================
2025-09-06 17:46:41 - INFO - 📆 Procesando período 1/81: 01-2019  (date param: 01-01-2019)
2025-09-06 17:46:50 - INFO -    ℹ️ Liquidaciones obtenidas: 386
2025-09-06 17:46:51 - INFO -    ✅ Insertados/actualizados: 386 filas en historical_settlements
2025-09-06 17:46:51 - INFO -    ✅ Insertados aproximados: 5871 filas en historical_settlement_items
2025-09-06 17:46:51 - INFO - 
============================================================
2025-09-06 17:46:51 - INFO - 📆 Procesando período 2/81: 02-2019  (date param: 01-02-2019)
2025-09-06 17:47:02 - INFO -    ℹ️ Liquidaciones obtenidas: 388
2025-09-06 17:47:02 - INFO -    ✅ Insertados/actualizados: 388 filas en historical_settlements
2025-09-06 17:47:03 - INFO -    ✅ Insertados aproximados: 5439 filas en historical_settlement_items
2025-09-06 17:47:03 - INFO - 
============================================================
2025-09-06 17:47:03 - INFO - 📆 Procesando período 3/81: 03-2019  (date param: 01-03-2019)
2025-09-06 17:47:11 - INFO -    ℹ️ Liquidaciones obtenidas: 385
2025-09-06 17:47:11 - INFO -    ✅ Insertados/actualizados: 385 filas en historical_settlements
2025-09-06 17:47:11 - INFO -    ✅ Insertados aproximados: 5025 filas en historical_settlement_items
2025-09-06 17:47:11 - INFO - 
============================================================
2025-09-06 17:47:11 - INFO - 📆 Procesando período 4/81: 04-2019  (date param: 01-04-2019)
2025-09-06 17:47:21 - INFO -    ℹ️ Liquidaciones obtenidas: 386
2025-09-06 17:47:21 - INFO -    ✅ Insertados/actualizados: 386 filas en historical_settlements
2025-09-06 17:47:21 - INFO -    ✅ Insertados aproximados: 5068 filas en historical_settlement_items
2025-09-06 17:47:22 - INFO - 
============================================================
2025-09-06 17:47:22 - INFO - 📆 Procesando período 5/81: 05-2019  (date param: 01-05-2019)
2025-09-06 17:47:31 - INFO -    ℹ️ Liquidaciones obtenidas: 385
2025-09-06 17:47:32 - INFO -    ✅ Insertados/actualizados: 385 filas en historical_settlements
2025-09-06 17:47:32 - INFO -    ✅ Insertados aproximados: 5035 filas en historical_settlement_items
2025-09-06 17:47:32 - INFO - 
============================================================
2025-09-06 17:47:32 - INFO - 📆 Procesando período 6/81: 06-2019  (date param: 01-06-2019)
2025-09-06 17:47:47 - INFO -    ℹ️ Liquidaciones obtenidas: 384
2025-09-06 17:47:48 - INFO -    ✅ Insertados/actualizados: 384 filas en historical_settlements
2025-09-06 17:47:48 - INFO -    ✅ Insertados aproximados: 4928 filas en historical_settlement_items
2025-09-06 17:47:48 - INFO - 
============================================================
2025-09-06 17:47:48 - INFO - 📆 Procesando período 7/81: 07-2019  (date param: 01-07-2019)
2025-09-06 18:03:28 - INFO - ========== INICIANDO PROCESO ETL DE LIQUIDACIONES ==========
2025-09-06 18:03:28 - INFO - ℹ️ Periodos a procesar: 1 (modo testing - solo 01-2019)
2025-09-06 18:03:28 - INFO - 
============================================================
2025-09-06 18:03:28 - INFO - 📆 Procesando período 1/1: 01-2019  (date param: 01-01-2019)
2025-09-06 18:03:40 - INFO -    ℹ️ Liquidaciones obtenidas: 386
2025-09-06 18:03:41 - INFO -    ✅ Insertados/actualizados: 386 filas en historical_settlements
2025-09-06 18:03:41 - INFO -    ✅ Insertados aproximados: 5871 filas en historical_settlement_items
2025-09-06 18:03:41 - INFO - 
============================================================
2025-09-06 18:03:41 - INFO - PROCESO FINALIZADO
2025-09-06 18:03:41 - INFO - Total liquidaciones procesadas (aprox insertadas/actualizadas): 386
2025-09-06 18:03:41 - INFO - Total items procesados (aprox insertados): 5871
2025-09-06 18:13:27 - INFO - ========== INICIANDO PROCESO ETL DE LIQUIDACIONES ==========
2025-09-06 18:13:27 - INFO - ℹ️ Periodos a procesar: 81 (modo testing - solo 01-2019)
2025-09-06 18:13:27 - INFO - 
============================================================
2025-09-06 18:13:27 - INFO - 📆 Procesando período 1/81: 01-2019  (date param: 01-01-2019)
2025-09-06 18:13:36 - INFO -    ℹ️ Liquidaciones obtenidas: 386
2025-09-06 18:13:37 - INFO -    ✅ Insertados/actualizados: 386 filas en historical_settlements
2025-09-06 18:13:37 - INFO -    ✅ Insertados aproximados: 5871 filas en historical_settlement_items
2025-09-06 18:13:37 - INFO - 
============================================================
2025-09-06 18:13:37 - INFO - 📆 Procesando período 2/81: 02-2019  (date param: 01-02-2019)
2025-09-06 18:13:46 - INFO -    ℹ️ Liquidaciones obtenidas: 388
2025-09-06 18:13:46 - INFO -    ✅ Insertados/actualizados: 388 filas en historical_settlements
2025-09-06 18:13:46 - INFO -    ✅ Insertados aproximados: 5439 filas en historical_settlement_items
2025-09-06 18:13:47 - INFO - 
============================================================
2025-09-06 18:13:47 - INFO - 📆 Procesando período 3/81: 03-2019  (date param: 01-03-2019)
2025-09-06 18:13:59 - INFO -    ℹ️ Liquidaciones obtenidas: 385
2025-09-06 18:13:59 - INFO -    ✅ Insertados/actualizados: 385 filas en historical_settlements
2025-09-06 18:13:59 - ERROR -    ❌ ADVERTENCIA: No se encontraron datos en BD para 03-2019
2025-09-06 18:13:59 - INFO -    ✅ Insertados aproximados: 5025 filas en historical_settlement_items
2025-09-06 18:13:59 - INFO - 
============================================================
2025-09-06 18:13:59 - INFO - 📆 Procesando período 4/81: 04-2019  (date param: 01-04-2019)
2025-09-06 18:14:08 - INFO -    ℹ️ Liquidaciones obtenidas: 386
2025-09-06 18:14:08 - INFO -    ✅ Insertados/actualizados: 386 filas en historical_settlements
2025-09-06 18:14:08 - ERROR -    ❌ ADVERTENCIA: No se encontraron datos en BD para 04-2019
2025-09-06 18:14:09 - INFO -    ✅ Insertados aproximados: 5068 filas en historical_settlement_items
2025-09-06 18:14:09 - INFO - 
============================================================
2025-09-06 18:14:09 - INFO - 📆 Procesando período 5/81: 05-2019  (date param: 01-05-2019)
2025-09-06 18:14:18 - INFO -    ℹ️ Liquidaciones obtenidas: 385
2025-09-06 18:14:18 - INFO -    ✅ Insertados/actualizados: 385 filas en historical_settlements
2025-09-06 18:14:18 - ERROR -    ❌ ADVERTENCIA: No se encontraron datos en BD para 05-2019
2025-09-06 18:14:18 - INFO -    ✅ Insertados aproximados: 5035 filas en historical_settlement_items
2025-09-06 18:14:19 - INFO - 
============================================================
2025-09-06 18:14:19 - INFO - 📆 Procesando período 6/81: 06-2019  (date param: 01-06-2019)
2025-09-06 18:14:30 - INFO -    ℹ️ Liquidaciones obtenidas: 384
2025-09-06 18:14:30 - INFO -    ✅ Insertados/actualizados: 384 filas en historical_settlements
2025-09-06 18:14:30 - ERROR -    ❌ ADVERTENCIA: No se encontraron datos en BD para 06-2019
2025-09-06 18:14:30 - INFO -    ✅ Insertados aproximados: 4928 filas en historical_settlement_items
2025-09-06 18:14:31 - INFO - 
============================================================
2025-09-06 18:14:31 - INFO - 📆 Procesando período 7/81: 07-2019  (date param: 01-07-2019)
2025-09-06 18:22:11 - INFO - ========== INICIANDO PROCESO ETL DE LIQUIDACIONES ==========
2025-09-06 18:22:11 - INFO - 🔧 Índice compuesto problemático eliminado
2025-09-06 18:22:11 - INFO - ✅ Índice único correcto creado (solo Liquidacion_ID)
2025-09-06 18:22:11 - INFO - ℹ️ Periodos a procesar: 81 (modo testing - solo 01-2019)
2025-09-06 18:22:11 - INFO - 
============================================================
2025-09-06 18:22:11 - INFO - 📆 Procesando período 1/81: 01-2019  (date param: 01-01-2019)
2025-09-06 18:22:20 - INFO -    ℹ️ Liquidaciones obtenidas: 386
2025-09-06 18:22:21 - INFO -    ✅ Insertados/actualizados: 386 filas en historical_settlements
2025-09-06 18:22:21 - INFO -    ✅ Insertados aproximados: 5871 filas en historical_settlement_items
2025-09-06 18:22:21 - INFO - 
============================================================
2025-09-06 18:22:21 - INFO - 📆 Procesando período 2/81: 02-2019  (date param: 01-02-2019)
2025-09-06 18:22:31 - INFO -    ℹ️ Liquidaciones obtenidas: 388
2025-09-06 18:22:31 - INFO -    ✅ Insertados/actualizados: 388 filas en historical_settlements
2025-09-06 18:22:31 - INFO -    ✅ Insertados aproximados: 5439 filas en historical_settlement_items
2025-09-06 18:22:32 - INFO - 
============================================================
2025-09-06 18:22:32 - INFO - 📆 Procesando período 3/81: 03-2019  (date param: 01-03-2019)
2025-09-06 18:22:39 - INFO -    ℹ️ Liquidaciones obtenidas: 385
2025-09-06 18:22:39 - INFO -    ✅ Insertados/actualizados: 385 filas en historical_settlements
2025-09-06 18:22:39 - ERROR -    ❌ ADVERTENCIA: No se encontraron datos en BD para 03-2019
2025-09-06 18:22:39 - INFO -    ✅ Insertados aproximados: 5025 filas en historical_settlement_items
2025-09-06 18:22:40 - INFO - 
============================================================
2025-09-06 18:22:40 - INFO - 📆 Procesando período 4/81: 04-2019  (date param: 01-04-2019)
2025-09-06 18:22:48 - INFO -    ℹ️ Liquidaciones obtenidas: 386
2025-09-06 18:22:48 - INFO -    ✅ Insertados/actualizados: 386 filas en historical_settlements
2025-09-06 18:22:48 - ERROR -    ❌ ADVERTENCIA: No se encontraron datos en BD para 04-2019
2025-09-06 18:22:48 - INFO -    ✅ Insertados aproximados: 5068 filas en historical_settlement_items
2025-09-06 18:22:49 - INFO - 
============================================================
2025-09-06 18:22:49 - INFO - 📆 Procesando período 5/81: 05-2019  (date param: 01-05-2019)
2025-09-06 18:44:38 - INFO - ========== INICIANDO PROCESO ETL DE LIQUIDACIONES ==========
2025-09-06 18:44:38 - INFO - 🔧 Índice simple antiguo eliminado.
2025-09-06 18:44:38 - INFO - ✅ Índice único compuesto corregido/creado.
2025-09-06 18:44:38 - INFO - ℹ️ Periodos a procesar: 81
2025-09-06 18:44:38 - INFO - 
============================================================
2025-09-06 18:44:38 - INFO - 📆 Procesando período 1/81: 01-2019  (date param: 01-01-2019)
2025-09-06 18:44:55 - INFO -    ℹ️ Liquidaciones obtenidas: 386
2025-09-06 18:44:55 - INFO -    ✅ Insertados/actualizados: 386 filas en historical_settlements
2025-09-06 18:44:55 - INFO -    ✅ Insertados: 5871 filas en historical_settlement_items
2025-09-06 18:44:56 - INFO - 
============================================================
2025-09-06 18:44:56 - INFO - 📆 Procesando período 2/81: 02-2019  (date param: 01-02-2019)
2025-09-06 18:45:10 - INFO -    ℹ️ Liquidaciones obtenidas: 388
2025-09-06 18:45:10 - INFO -    ✅ Insertados/actualizados: 388 filas en historical_settlements
2025-09-06 18:45:10 - INFO -    ✅ Insertados: 5439 filas en historical_settlement_items
2025-09-06 18:45:11 - INFO - 
============================================================
2025-09-06 18:45:11 - INFO - 📆 Procesando período 3/81: 03-2019  (date param: 01-03-2019)
2025-09-06 18:45:23 - INFO -    ℹ️ Liquidaciones obtenidas: 385
2025-09-06 18:45:23 - INFO -    ✅ Insertados/actualizados: 385 filas en historical_settlements
2025-09-06 18:45:24 - INFO -    ✅ Insertados: 5025 filas en historical_settlement_items
2025-09-06 18:45:24 - INFO - 
============================================================
2025-09-06 18:45:24 - INFO - 📆 Procesando período 4/81: 04-2019  (date param: 01-04-2019)
2025-09-06 18:45:40 - INFO -    ℹ️ Liquidaciones obtenidas: 386
2025-09-06 18:45:41 - INFO -    ✅ Insertados/actualizados: 386 filas en historical_settlements
2025-09-06 18:45:41 - INFO -    ✅ Insertados: 5068 filas en historical_settlement_items
2025-09-06 18:45:41 - INFO - 
============================================================
2025-09-06 18:45:41 - INFO - 📆 Procesando período 5/81: 05-2019  (date param: 01-05-2019)
2025-09-06 18:45:53 - INFO -    ℹ️ Liquidaciones obtenidas: 385
2025-09-06 18:45:53 - INFO -    ✅ Insertados/actualizados: 385 filas en historical_settlements
2025-09-06 18:45:53 - INFO -    ✅ Insertados: 5035 filas en historical_settlement_items
2025-09-06 18:45:54 - INFO - 
============================================================
2025-09-06 18:45:54 - INFO - 📆 Procesando período 6/81: 06-2019  (date param: 01-06-2019)
2025-09-06 19:23:12 - INFO - ========== INICIANDO PROCESO ETL DE LIQUIDACIONES ==========
2025-09-06 19:23:12 - INFO - ℹ️ Periodos a procesar: 81
2025-09-06 19:23:12 - INFO - 
============================================================
2025-09-06 19:23:12 - INFO - 📆 Procesando período 1/81: 01-2019  (date param: 01-01-2019)
2025-09-06 19:23:39 - INFO -    ℹ️ Liquidaciones obtenidas: 386
2025-09-06 19:23:40 - INFO -    ✅ Insertados/actualizados: 386 filas en historical_settlements
2025-09-06 19:23:40 - INFO -    ✅ Insertados: 5871 filas en historical_settlement_items
2025-09-06 19:23:40 - INFO - 
============================================================
2025-09-06 19:23:40 - INFO - 📆 Procesando período 2/81: 02-2019  (date param: 01-02-2019)
2025-09-06 19:23:53 - INFO -    ℹ️ Liquidaciones obtenidas: 388
2025-09-06 19:23:53 - INFO -    ✅ Insertados/actualizados: 388 filas en historical_settlements
2025-09-06 19:23:53 - INFO -    ✅ Insertados: 5439 filas en historical_settlement_items
2025-09-06 19:23:54 - INFO - 
============================================================
2025-09-06 19:23:54 - INFO - 📆 Procesando período 3/81: 03-2019  (date param: 01-03-2019)
2025-09-06 19:24:13 - INFO -    ℹ️ Liquidaciones obtenidas: 385
2025-09-06 19:24:14 - INFO -    ✅ Insertados/actualizados: 385 filas en historical_settlements
2025-09-06 19:24:14 - INFO -    ✅ Insertados: 5025 filas en historical_settlement_items
2025-09-06 19:24:14 - INFO - 
============================================================
2025-09-06 19:24:14 - INFO - 📆 Procesando período 4/81: 04-2019  (date param: 01-04-2019)
2025-09-06 19:24:28 - INFO -    ℹ️ Liquidaciones obtenidas: 386
2025-09-06 19:24:28 - INFO -    ✅ Insertados/actualizados: 386 filas en historical_settlements
2025-09-06 19:24:28 - INFO -    ✅ Insertados: 5068 filas en historical_settlement_items
2025-09-06 19:24:28 - INFO - 
============================================================
2025-09-06 19:24:28 - INFO - 📆 Procesando período 5/81: 05-2019  (date param: 01-05-2019)
2025-09-06 19:24:43 - INFO -    ℹ️ Liquidaciones obtenidas: 385
2025-09-06 19:24:44 - INFO -    ✅ Insertados/actualizados: 385 filas en historical_settlements
2025-09-06 19:24:44 - INFO -    ✅ Insertados: 5035 filas en historical_settlement_items
2025-09-06 19:24:44 - INFO - 
============================================================
2025-09-06 19:24:44 - INFO - 📆 Procesando período 6/81: 06-2019  (date param: 01-06-2019)
2025-09-06 19:24:56 - INFO -    ℹ️ Liquidaciones obtenidas: 384
2025-09-06 19:24:56 - INFO -    ✅ Insertados/actualizados: 384 filas en historical_settlements
2025-09-06 19:24:56 - INFO -    ✅ Insertados: 4928 filas en historical_settlement_items
2025-09-06 19:24:56 - INFO - 
============================================================
2025-09-06 19:24:56 - INFO - 📆 Procesando período 7/81: 07-2019  (date param: 01-07-2019)
2025-09-06 19:25:11 - INFO -    ℹ️ Liquidaciones obtenidas: 383
2025-09-06 19:25:11 - INFO -    ✅ Insertados/actualizados: 383 filas en historical_settlements
2025-09-06 19:25:11 - INFO -    ✅ Insertados: 4978 filas en historical_settlement_items
2025-09-06 19:25:12 - INFO - 
============================================================
2025-09-06 19:25:12 - INFO - 📆 Procesando período 8/81: 08-2019  (date param: 01-08-2019)
2025-09-06 19:25:28 - INFO -    ℹ️ Liquidaciones obtenidas: 385
2025-09-06 19:25:28 - INFO -    ✅ Insertados/actualizados: 385 filas en historical_settlements
2025-09-06 19:25:28 - INFO -    ✅ Insertados: 4820 filas en historical_settlement_items
2025-09-06 19:25:28 - INFO - 
============================================================
2025-09-06 19:25:28 - INFO - 📆 Procesando período 9/81: 09-2019  (date param: 01-09-2019)
2025-09-06 19:25:44 - INFO -    ℹ️ Liquidaciones obtenidas: 385
2025-09-06 19:25:44 - INFO -    ✅ Insertados/actualizados: 385 filas en historical_settlements
2025-09-06 19:25:44 - INFO -    ✅ Insertados: 5715 filas en historical_settlement_items
2025-09-06 19:25:44 - INFO - 
============================================================
2025-09-06 19:25:44 - INFO - 📆 Procesando período 10/81: 10-2019  (date param: 01-10-2019)
2025-09-06 19:25:56 - INFO -    ℹ️ Liquidaciones obtenidas: 389
2025-09-06 19:25:56 - INFO -    ✅ Insertados/actualizados: 389 filas en historical_settlements
2025-09-06 19:25:56 - INFO -    ✅ Insertados: 4898 filas en historical_settlement_items
2025-09-06 19:25:56 - INFO - 
============================================================
2025-09-06 19:25:56 - INFO - 📆 Procesando período 11/81: 11-2019  (date param: 01-11-2019)
2025-09-06 19:26:07 - INFO -    ℹ️ Liquidaciones obtenidas: 390
2025-09-06 19:26:07 - INFO -    ✅ Insertados/actualizados: 390 filas en historical_settlements
2025-09-06 19:26:07 - INFO -    ✅ Insertados: 5032 filas en historical_settlement_items
2025-09-06 19:26:08 - INFO - 
============================================================
2025-09-06 19:26:08 - INFO - 📆 Procesando período 12/81: 12-2019  (date param: 01-12-2019)
2025-09-06 19:26:26 - INFO -    ℹ️ Liquidaciones obtenidas: 389
2025-09-06 19:26:26 - INFO -    ✅ Insertados/actualizados: 389 filas en historical_settlements
2025-09-06 19:26:26 - INFO -    ✅ Insertados: 6156 filas en historical_settlement_items
2025-09-06 19:26:27 - INFO - 
============================================================
2025-09-06 19:26:27 - INFO - 📆 Procesando período 13/81: 01-2020  (date param: 01-01-2020)
2025-09-06 19:26:37 - INFO -    ℹ️ Liquidaciones obtenidas: 391
2025-09-06 19:26:38 - INFO -    ✅ Insertados/actualizados: 391 filas en historical_settlements
2025-09-06 19:26:38 - INFO -    ✅ Insertados: 5633 filas en historical_settlement_items
2025-09-06 19:26:38 - INFO - 
============================================================
2025-09-06 19:26:38 - INFO - 📆 Procesando período 14/81: 02-2020  (date param: 01-02-2020)
2025-09-06 19:26:54 - INFO -    ℹ️ Liquidaciones obtenidas: 396
2025-09-06 19:26:54 - INFO -    ✅ Insertados/actualizados: 396 filas en historical_settlements
2025-09-06 19:26:54 - INFO -    ✅ Insertados: 5445 filas en historical_settlement_items
2025-09-06 19:26:54 - INFO - 
============================================================
2025-09-06 19:26:54 - INFO - 📆 Procesando período 15/81: 03-2020  (date param: 01-03-2020)
2025-09-06 19:27:04 - INFO -    ℹ️ Liquidaciones obtenidas: 391
2025-09-06 19:27:04 - INFO -    ✅ Insertados/actualizados: 391 filas en historical_settlements
2025-09-06 19:27:04 - INFO -    ✅ Insertados: 5096 filas en historical_settlement_items
2025-09-06 19:27:04 - INFO - 
============================================================
2025-09-06 19:27:04 - INFO - 📆 Procesando período 16/81: 04-2020  (date param: 01-04-2020)
2025-09-06 19:27:19 - INFO -    ℹ️ Liquidaciones obtenidas: 394
2025-09-06 19:27:19 - INFO -    ✅ Insertados/actualizados: 394 filas en historical_settlements
2025-09-06 19:27:19 - INFO -    ✅ Insertados: 5184 filas en historical_settlement_items
2025-09-06 19:27:19 - INFO - 
============================================================
2025-09-06 19:27:19 - INFO - 📆 Procesando período 17/81: 05-2020  (date param: 01-05-2020)
2025-09-06 19:27:28 - INFO -    ℹ️ Liquidaciones obtenidas: 394
2025-09-06 19:27:28 - INFO -    ✅ Insertados/actualizados: 394 filas en historical_settlements
2025-09-06 19:27:28 - INFO -    ✅ Insertados: 5023 filas en historical_settlement_items
2025-09-06 19:27:29 - INFO - 
============================================================
2025-09-06 19:27:29 - INFO - 📆 Procesando período 18/81: 06-2020  (date param: 01-06-2020)
2025-09-06 19:27:39 - INFO -    ℹ️ Liquidaciones obtenidas: 385
2025-09-06 19:27:39 - INFO -    ✅ Insertados/actualizados: 385 filas en historical_settlements
2025-09-06 19:27:39 - INFO -    ✅ Insertados: 4961 filas en historical_settlement_items
2025-09-06 19:27:40 - INFO - 
============================================================
2025-09-06 19:27:40 - INFO - 📆 Procesando período 19/81: 07-2020  (date param: 01-07-2020)
2025-09-06 19:27:49 - INFO -    ℹ️ Liquidaciones obtenidas: 382
2025-09-06 19:27:49 - INFO -    ✅ Insertados/actualizados: 382 filas en historical_settlements
2025-09-06 19:27:49 - INFO -    ✅ Insertados: 4958 filas en historical_settlement_items
2025-09-06 19:27:49 - INFO - 
============================================================
2025-09-06 19:27:49 - INFO - 📆 Procesando período 20/81: 08-2020  (date param: 01-08-2020)
2025-09-06 19:28:02 - INFO -    ℹ️ Liquidaciones obtenidas: 379
2025-09-06 19:28:02 - INFO -    ✅ Insertados/actualizados: 379 filas en historical_settlements
2025-09-06 19:28:02 - INFO -    ✅ Insertados: 4948 filas en historical_settlement_items
2025-09-06 19:28:02 - INFO - 
============================================================
2025-09-06 19:28:02 - INFO - 📆 Procesando período 21/81: 09-2020  (date param: 01-09-2020)
2025-09-06 19:28:12 - INFO -    ℹ️ Liquidaciones obtenidas: 383
2025-09-06 19:28:12 - INFO -    ✅ Insertados/actualizados: 383 filas en historical_settlements
2025-09-06 19:28:12 - INFO -    ✅ Insertados: 5891 filas en historical_settlement_items
2025-09-06 19:28:13 - INFO - 
============================================================
2025-09-06 19:28:13 - INFO - 📆 Procesando período 22/81: 10-2020  (date param: 01-10-2020)
2025-09-06 19:28:26 - INFO -    ℹ️ Liquidaciones obtenidas: 386
2025-09-06 19:28:26 - INFO -    ✅ Insertados/actualizados: 386 filas en historical_settlements
2025-09-06 19:28:26 - INFO -    ✅ Insertados: 4990 filas en historical_settlement_items
2025-09-06 19:28:27 - INFO - 
============================================================
2025-09-06 19:28:27 - INFO - 📆 Procesando período 23/81: 11-2020  (date param: 01-11-2020)
2025-09-06 19:28:40 - INFO -    ℹ️ Liquidaciones obtenidas: 389
2025-09-06 19:28:40 - INFO -    ✅ Insertados/actualizados: 389 filas en historical_settlements
2025-09-06 19:28:41 - INFO -    ✅ Insertados: 4984 filas en historical_settlement_items
2025-09-06 19:28:41 - INFO - 
============================================================
2025-09-06 19:28:41 - INFO - 📆 Procesando período 24/81: 12-2020  (date param: 01-12-2020)
2025-09-06 19:28:52 - INFO -    ℹ️ Liquidaciones obtenidas: 393
2025-09-06 19:28:52 - INFO -    ✅ Insertados/actualizados: 393 filas en historical_settlements
2025-09-06 19:28:52 - INFO -    ✅ Insertados: 6278 filas en historical_settlement_items
2025-09-06 19:28:53 - INFO - 
============================================================
2025-09-06 19:28:53 - INFO - 📆 Procesando período 25/81: 01-2021  (date param: 01-01-2021)
2025-09-06 19:29:10 - INFO -    ℹ️ Liquidaciones obtenidas: 408
2025-09-06 19:29:10 - INFO -    ✅ Insertados/actualizados: 408 filas en historical_settlements
2025-09-06 19:29:11 - INFO -    ✅ Insertados: 5685 filas en historical_settlement_items
2025-09-06 19:29:11 - INFO - 
============================================================
2025-09-06 19:29:11 - INFO - 📆 Procesando período 26/81: 02-2021  (date param: 01-02-2021)
2025-09-06 19:29:25 - INFO -    ℹ️ Liquidaciones obtenidas: 415
2025-09-06 19:29:25 - INFO -    ✅ Insertados/actualizados: 415 filas en historical_settlements
2025-09-06 19:29:25 - INFO -    ✅ Insertados: 5742 filas en historical_settlement_items
2025-09-06 19:29:25 - INFO - 
============================================================
2025-09-06 19:29:25 - INFO - 📆 Procesando período 27/81: 03-2021  (date param: 01-03-2021)
2025-09-06 19:29:37 - INFO -    ℹ️ Liquidaciones obtenidas: 425
2025-09-06 19:29:38 - INFO -    ✅ Insertados/actualizados: 425 filas en historical_settlements
2025-09-06 19:29:38 - INFO -    ✅ Insertados: 5702 filas en historical_settlement_items
2025-09-06 19:29:38 - INFO - 
============================================================
2025-09-06 19:29:38 - INFO - 📆 Procesando período 28/81: 04-2021  (date param: 01-04-2021)
2025-09-06 19:30:00 - INFO -    ℹ️ Liquidaciones obtenidas: 433
2025-09-06 19:30:00 - INFO -    ✅ Insertados/actualizados: 433 filas en historical_settlements
2025-09-06 19:30:00 - INFO -    ✅ Insertados: 5601 filas en historical_settlement_items
2025-09-06 19:30:01 - INFO - 
============================================================
2025-09-06 19:30:01 - INFO - 📆 Procesando período 29/81: 05-2021  (date param: 01-05-2021)
2025-09-06 19:30:12 - INFO -    ℹ️ Liquidaciones obtenidas: 437
2025-09-06 19:30:13 - INFO -    ✅ Insertados/actualizados: 437 filas en historical_settlements
2025-09-06 19:30:13 - INFO -    ✅ Insertados: 5384 filas en historical_settlement_items
2025-09-06 19:30:13 - INFO - 
============================================================
2025-09-06 19:30:13 - INFO - 📆 Procesando período 30/81: 06-2021  (date param: 01-06-2021)
2025-09-06 19:30:38 - INFO -    ℹ️ Liquidaciones obtenidas: 432
2025-09-06 19:30:38 - INFO -    ✅ Insertados/actualizados: 432 filas en historical_settlements
2025-09-06 19:30:38 - INFO -    ✅ Insertados: 5355 filas en historical_settlement_items
2025-09-06 19:30:39 - INFO - 
============================================================
2025-09-06 19:30:39 - INFO - 📆 Procesando período 31/81: 07-2021  (date param: 01-07-2021)
2025-09-06 19:30:52 - INFO -    ℹ️ Liquidaciones obtenidas: 432
2025-09-06 19:30:52 - INFO -    ✅ Insertados/actualizados: 432 filas en historical_settlements
2025-09-06 19:30:52 - INFO -    ✅ Insertados: 5341 filas en historical_settlement_items
2025-09-06 19:30:53 - INFO - 
============================================================
2025-09-06 19:30:53 - INFO - 📆 Procesando período 32/81: 08-2021  (date param: 01-08-2021)
2025-09-06 19:31:04 - INFO -    ℹ️ Liquidaciones obtenidas: 443
2025-09-06 19:31:05 - INFO -    ✅ Insertados/actualizados: 443 filas en historical_settlements
2025-09-06 19:31:05 - INFO -    ✅ Insertados: 5430 filas en historical_settlement_items
2025-09-06 19:31:05 - INFO - 
============================================================
2025-09-06 19:31:05 - INFO - 📆 Procesando período 33/81: 09-2021  (date param: 01-09-2021)
2025-09-06 19:31:19 - INFO -    ℹ️ Liquidaciones obtenidas: 450
2025-09-06 19:31:20 - INFO -    ✅ Insertados/actualizados: 450 filas en historical_settlements
2025-09-06 19:31:20 - INFO -    ✅ Insertados: 6413 filas en historical_settlement_items
2025-09-06 19:31:20 - INFO - 
============================================================
2025-09-06 19:31:20 - INFO - 📆 Procesando período 34/81: 10-2021  (date param: 01-10-2021)
2025-09-06 19:31:32 - INFO -    ℹ️ Liquidaciones obtenidas: 451
2025-09-06 19:31:32 - INFO -    ✅ Insertados/actualizados: 451 filas en historical_settlements
2025-09-06 19:31:32 - INFO -    ✅ Insertados: 5668 filas en historical_settlement_items
2025-09-06 19:31:33 - INFO - 
============================================================
2025-09-06 19:31:33 - INFO - 📆 Procesando período 35/81: 11-2021  (date param: 01-11-2021)
2025-09-06 19:31:55 - INFO -    ℹ️ Liquidaciones obtenidas: 452
2025-09-06 19:31:56 - INFO -    ✅ Insertados/actualizados: 452 filas en historical_settlements
2025-09-06 19:31:56 - INFO -    ✅ Insertados: 5620 filas en historical_settlement_items
2025-09-06 19:31:56 - INFO - 
============================================================
2025-09-06 19:31:56 - INFO - 📆 Procesando período 36/81: 12-2021  (date param: 01-12-2021)
2025-09-06 19:32:11 - INFO -    ℹ️ Liquidaciones obtenidas: 447
2025-09-06 19:32:11 - INFO -    ✅ Insertados/actualizados: 447 filas en historical_settlements
2025-09-06 19:32:11 - INFO -    ✅ Insertados: 7313 filas en historical_settlement_items
2025-09-06 19:32:11 - INFO - 
============================================================
2025-09-06 19:32:11 - INFO - 📆 Procesando período 37/81: 01-2022  (date param: 01-01-2022)
2025-09-06 19:32:26 - INFO -    ℹ️ Liquidaciones obtenidas: 446
2025-09-06 19:32:27 - INFO -    ✅ Insertados/actualizados: 446 filas en historical_settlements
2025-09-06 19:32:27 - INFO -    ✅ Insertados: 7062 filas en historical_settlement_items
2025-09-06 19:32:27 - INFO - 
============================================================
2025-09-06 19:32:27 - INFO - 📆 Procesando período 38/81: 02-2022  (date param: 01-02-2022)
2025-09-06 19:32:40 - INFO -    ℹ️ Liquidaciones obtenidas: 449
2025-09-06 19:32:41 - INFO -    ✅ Insertados/actualizados: 449 filas en historical_settlements
2025-09-06 19:32:41 - INFO -    ✅ Insertados: 7036 filas en historical_settlement_items
2025-09-06 19:32:41 - INFO - 
============================================================
2025-09-06 19:32:41 - INFO - 📆 Procesando período 39/81: 03-2022  (date param: 01-03-2022)
2025-09-06 19:32:55 - INFO -    ℹ️ Liquidaciones obtenidas: 453
2025-09-06 19:32:55 - INFO -    ✅ Insertados/actualizados: 453 filas en historical_settlements
2025-09-06 19:32:55 - INFO -    ✅ Insertados: 6307 filas en historical_settlement_items
2025-09-06 19:32:56 - INFO - 
============================================================
2025-09-06 19:32:56 - INFO - 📆 Procesando período 40/81: 04-2022  (date param: 01-04-2022)
2025-09-06 19:33:14 - INFO -    ℹ️ Liquidaciones obtenidas: 444
2025-09-06 19:33:15 - INFO -    ✅ Insertados/actualizados: 444 filas en historical_settlements
2025-09-06 19:33:15 - INFO -    ✅ Insertados: 6112 filas en historical_settlement_items
2025-09-06 19:33:15 - INFO - 
============================================================
2025-09-06 19:33:15 - INFO - 📆 Procesando período 41/81: 05-2022  (date param: 01-05-2022)
2025-09-06 19:33:27 - INFO -    ℹ️ Liquidaciones obtenidas: 443
2025-09-06 19:33:27 - INFO -    ✅ Insertados/actualizados: 443 filas en historical_settlements
2025-09-06 19:33:28 - INFO -    ✅ Insertados: 5961 filas en historical_settlement_items
2025-09-06 19:33:28 - INFO - 
============================================================
2025-09-06 19:33:28 - INFO - 📆 Procesando período 42/81: 06-2022  (date param: 01-06-2022)
2025-09-06 19:33:44 - INFO -    ℹ️ Liquidaciones obtenidas: 447
2025-09-06 19:33:45 - INFO -    ✅ Insertados/actualizados: 447 filas en historical_settlements
2025-09-06 19:33:45 - INFO -    ✅ Insertados: 5982 filas en historical_settlement_items
2025-09-06 19:33:45 - INFO - 
============================================================
2025-09-06 19:33:45 - INFO - 📆 Procesando período 43/81: 07-2022  (date param: 01-07-2022)
2025-09-06 19:34:07 - INFO -    ℹ️ Liquidaciones obtenidas: 438
2025-09-06 19:34:07 - INFO -    ✅ Insertados/actualizados: 438 filas en historical_settlements
2025-09-06 19:34:07 - INFO -    ✅ Insertados: 5882 filas en historical_settlement_items
2025-09-06 19:34:08 - INFO - 
============================================================
2025-09-06 19:34:08 - INFO - 📆 Procesando período 44/81: 08-2022  (date param: 01-08-2022)
2025-09-06 19:34:21 - INFO -    ℹ️ Liquidaciones obtenidas: 436
2025-09-06 19:34:22 - INFO -    ✅ Insertados/actualizados: 436 filas en historical_settlements
2025-09-06 19:34:22 - INFO -    ✅ Insertados: 5947 filas en historical_settlement_items
2025-09-06 19:34:22 - INFO - 
============================================================
2025-09-06 19:34:22 - INFO - 📆 Procesando período 45/81: 09-2022  (date param: 01-09-2022)
2025-09-06 19:34:39 - INFO -    ℹ️ Liquidaciones obtenidas: 434
2025-09-06 19:34:40 - INFO -    ✅ Insertados/actualizados: 434 filas en historical_settlements
2025-09-06 19:34:40 - INFO -    ✅ Insertados: 7217 filas en historical_settlement_items
2025-09-06 19:34:40 - INFO - 
============================================================
2025-09-06 19:34:40 - INFO - 📆 Procesando período 46/81: 10-2022  (date param: 01-10-2022)
2025-09-06 19:34:51 - INFO -    ℹ️ Liquidaciones obtenidas: 434
2025-09-06 19:34:52 - INFO -    ✅ Insertados/actualizados: 434 filas en historical_settlements
2025-09-06 19:34:52 - INFO -    ✅ Insertados: 6148 filas en historical_settlement_items
2025-09-06 19:34:52 - INFO - 
============================================================
2025-09-06 19:34:52 - INFO - 📆 Procesando período 47/81: 11-2022  (date param: 01-11-2022)
2025-09-06 19:35:04 - INFO -    ℹ️ Liquidaciones obtenidas: 437
2025-09-06 19:35:05 - INFO -    ✅ Insertados/actualizados: 437 filas en historical_settlements
2025-09-06 19:35:05 - INFO -    ✅ Insertados: 6260 filas en historical_settlement_items
2025-09-06 19:35:05 - INFO - 
============================================================
2025-09-06 19:35:05 - INFO - 📆 Procesando período 48/81: 12-2022  (date param: 01-12-2022)
2025-09-06 19:35:25 - INFO -    ℹ️ Liquidaciones obtenidas: 442
2025-09-06 19:35:25 - INFO -    ✅ Insertados/actualizados: 442 filas en historical_settlements
2025-09-06 19:35:25 - INFO -    ✅ Insertados: 8616 filas en historical_settlement_items
2025-09-06 19:35:25 - INFO - 
============================================================
2025-09-06 19:35:25 - INFO - 📆 Procesando período 49/81: 01-2023  (date param: 01-01-2023)
2025-09-06 19:35:38 - INFO -    ℹ️ Liquidaciones obtenidas: 442
2025-09-06 19:35:38 - INFO -    ✅ Insertados/actualizados: 442 filas en historical_settlements
2025-09-06 19:35:39 - INFO -    ✅ Insertados: 6746 filas en historical_settlement_items
2025-09-06 19:35:39 - INFO - 
============================================================
2025-09-06 19:35:39 - INFO - 📆 Procesando período 50/81: 02-2023  (date param: 01-02-2023)
2025-09-06 19:35:53 - INFO -    ℹ️ Liquidaciones obtenidas: 447
2025-09-06 19:35:53 - INFO -    ✅ Insertados/actualizados: 447 filas en historical_settlements
2025-09-06 19:35:53 - INFO -    ✅ Insertados: 7065 filas en historical_settlement_items
2025-09-06 19:35:53 - INFO - 
============================================================
2025-09-06 19:35:53 - INFO - 📆 Procesando período 51/81: 03-2023  (date param: 01-03-2023)
2025-09-06 19:36:20 - INFO -    ℹ️ Liquidaciones obtenidas: 440
2025-09-06 19:36:20 - INFO -    ✅ Insertados/actualizados: 440 filas en historical_settlements
2025-09-06 19:36:20 - INFO -    ✅ Insertados: 6577 filas en historical_settlement_items
2025-09-06 19:36:20 - INFO - 
============================================================
2025-09-06 19:36:20 - INFO - 📆 Procesando período 52/81: 04-2023  (date param: 01-04-2023)
2025-09-06 19:36:39 - INFO -    ℹ️ Liquidaciones obtenidas: 443
2025-09-06 19:36:40 - INFO -    ✅ Insertados/actualizados: 443 filas en historical_settlements
2025-09-06 19:36:40 - INFO -    ✅ Insertados: 6556 filas en historical_settlement_items
2025-09-06 19:36:40 - INFO - 
============================================================
2025-09-06 19:36:40 - INFO - 📆 Procesando período 53/81: 05-2023  (date param: 01-05-2023)
2025-09-06 19:37:11 - INFO -    ℹ️ Liquidaciones obtenidas: 451
2025-09-06 19:37:12 - INFO -    ✅ Insertados/actualizados: 451 filas en historical_settlements
2025-09-06 19:37:12 - INFO -    ✅ Insertados: 7023 filas en historical_settlement_items
2025-09-06 19:37:12 - INFO - 
============================================================
2025-09-06 19:37:12 - INFO - 📆 Procesando período 54/81: 06-2023  (date param: 01-06-2023)
2025-09-06 19:37:26 - INFO -    ℹ️ Liquidaciones obtenidas: 453
2025-09-06 19:37:26 - INFO -    ✅ Insertados/actualizados: 453 filas en historical_settlements
2025-09-06 19:37:27 - INFO -    ✅ Insertados: 6794 filas en historical_settlement_items
2025-09-06 19:37:27 - INFO - 
============================================================
2025-09-06 19:37:27 - INFO - 📆 Procesando período 55/81: 07-2023  (date param: 01-07-2023)
2025-09-06 19:37:39 - INFO -    ℹ️ Liquidaciones obtenidas: 455
2025-09-06 19:37:40 - INFO -    ✅ Insertados/actualizados: 455 filas en historical_settlements
2025-09-06 19:37:40 - INFO -    ✅ Insertados: 6854 filas en historical_settlement_items
2025-09-06 19:37:40 - INFO - 
============================================================
2025-09-06 19:37:40 - INFO - 📆 Procesando período 56/81: 08-2023  (date param: 01-08-2023)
2025-09-06 19:37:52 - INFO -    ℹ️ Liquidaciones obtenidas: 459
2025-09-06 19:37:52 - INFO -    ✅ Insertados/actualizados: 459 filas en historical_settlements
2025-09-06 19:37:52 - INFO -    ✅ Insertados: 6840 filas en historical_settlement_items
2025-09-06 19:37:52 - INFO - 
============================================================
2025-09-06 19:37:52 - INFO - 📆 Procesando período 57/81: 09-2023  (date param: 01-09-2023)
2025-09-06 19:38:16 - INFO -    ℹ️ Liquidaciones obtenidas: 460
2025-09-06 19:38:16 - INFO -    ✅ Insertados/actualizados: 460 filas en historical_settlements
2025-09-06 19:38:17 - INFO -    ✅ Insertados: 8121 filas en historical_settlement_items
2025-09-06 19:38:17 - INFO - 
============================================================
2025-09-06 19:38:17 - INFO - 📆 Procesando período 58/81: 10-2023  (date param: 01-10-2023)
2025-09-06 19:38:32 - INFO -    ℹ️ Liquidaciones obtenidas: 465
2025-09-06 19:38:33 - INFO -    ✅ Insertados/actualizados: 465 filas en historical_settlements
2025-09-06 19:38:33 - INFO -    ✅ Insertados: 7021 filas en historical_settlement_items
2025-09-06 19:38:33 - INFO - 
============================================================
2025-09-06 19:38:33 - INFO - 📆 Procesando período 59/81: 11-2023  (date param: 01-11-2023)
2025-09-06 19:38:49 - INFO -    ℹ️ Liquidaciones obtenidas: 473
2025-09-06 19:38:49 - INFO -    ✅ Insertados/actualizados: 473 filas en historical_settlements
2025-09-06 19:38:49 - INFO -    ✅ Insertados: 7185 filas en historical_settlement_items
2025-09-06 19:38:49 - INFO - 
============================================================
2025-09-06 19:38:49 - INFO - 📆 Procesando período 60/81: 12-2023  (date param: 01-12-2023)
2025-09-06 19:39:06 - INFO -    ℹ️ Liquidaciones obtenidas: 470
2025-09-06 19:39:06 - INFO -    ✅ Insertados/actualizados: 470 filas en historical_settlements
2025-09-06 19:39:07 - INFO -    ✅ Insertados: 9036 filas en historical_settlement_items
2025-09-06 19:39:07 - INFO - 
============================================================
2025-09-06 19:39:07 - INFO - 📆 Procesando período 61/81: 01-2024  (date param: 01-01-2024)
2025-09-06 19:39:18 - INFO -    ℹ️ Liquidaciones obtenidas: 473
2025-09-06 19:39:18 - INFO -    ✅ Insertados/actualizados: 473 filas en historical_settlements
2025-09-06 19:39:18 - INFO -    ✅ Insertados: 7170 filas en historical_settlement_items
2025-09-06 19:39:19 - INFO - 
============================================================
2025-09-06 19:39:19 - INFO - 📆 Procesando período 62/81: 02-2024  (date param: 01-02-2024)
2025-09-06 19:39:32 - INFO -    ℹ️ Liquidaciones obtenidas: 475
2025-09-06 19:39:32 - INFO -    ✅ Insertados/actualizados: 475 filas en historical_settlements
2025-09-06 19:39:32 - INFO -    ✅ Insertados: 7474 filas en historical_settlement_items
2025-09-06 19:39:33 - INFO - 
============================================================
2025-09-06 19:39:33 - INFO - 📆 Procesando período 63/81: 03-2024  (date param: 01-03-2024)
2025-09-06 19:39:45 - INFO -    ℹ️ Liquidaciones obtenidas: 474
2025-09-06 19:39:45 - INFO -    ✅ Insertados/actualizados: 474 filas en historical_settlements
2025-09-06 19:39:45 - INFO -    ✅ Insertados: 7085 filas en historical_settlement_items
2025-09-06 19:39:46 - INFO - 
============================================================
2025-09-06 19:39:46 - INFO - 📆 Procesando período 64/81: 04-2024  (date param: 01-04-2024)
2025-09-06 19:40:02 - INFO -    ℹ️ Liquidaciones obtenidas: 486
2025-09-06 19:40:02 - INFO -    ✅ Insertados/actualizados: 486 filas en historical_settlements
2025-09-06 19:40:02 - INFO -    ✅ Insertados: 7244 filas en historical_settlement_items
2025-09-06 19:40:03 - INFO - 
============================================================
2025-09-06 19:40:03 - INFO - 📆 Procesando período 65/81: 05-2024  (date param: 01-05-2024)
2025-09-06 19:40:24 - INFO -    ℹ️ Liquidaciones obtenidas: 490
2025-09-06 19:40:24 - INFO -    ✅ Insertados/actualizados: 490 filas en historical_settlements
2025-09-06 19:40:24 - INFO -    ✅ Insertados: 7259 filas en historical_settlement_items
2025-09-06 19:40:25 - INFO - 
============================================================
2025-09-06 19:40:25 - INFO - 📆 Procesando período 66/81: 06-2024  (date param: 01-06-2024)
2025-09-06 19:40:37 - INFO -    ℹ️ Liquidaciones obtenidas: 495
2025-09-06 19:40:38 - INFO -    ✅ Insertados/actualizados: 495 filas en historical_settlements
2025-09-06 19:40:38 - INFO -    ✅ Insertados: 7353 filas en historical_settlement_items
2025-09-06 19:40:38 - INFO - 
============================================================
2025-09-06 19:40:38 - INFO - 📆 Procesando período 67/81: 07-2024  (date param: 01-07-2024)
2025-09-06 19:40:54 - INFO -    ℹ️ Liquidaciones obtenidas: 500
2025-09-06 19:40:54 - INFO -    ✅ Insertados/actualizados: 500 filas en historical_settlements
2025-09-06 19:40:55 - INFO -    ✅ Insertados: 7423 filas en historical_settlement_items
2025-09-06 19:40:55 - INFO - 
============================================================
2025-09-06 19:40:55 - INFO - 📆 Procesando período 68/81: 08-2024  (date param: 01-08-2024)
2025-09-06 19:41:15 - INFO -    ℹ️ Liquidaciones obtenidas: 505
2025-09-06 19:41:16 - INFO -    ✅ Insertados/actualizados: 505 filas en historical_settlements
2025-09-06 19:41:16 - INFO -    ✅ Insertados: 7528 filas en historical_settlement_items
2025-09-06 19:41:16 - INFO - 
============================================================
2025-09-06 19:41:16 - INFO - 📆 Procesando período 69/81: 09-2024  (date param: 01-09-2024)
2025-09-06 19:41:32 - INFO -    ℹ️ Liquidaciones obtenidas: 516
2025-09-06 19:41:33 - INFO -    ✅ Insertados/actualizados: 516 filas en historical_settlements
2025-09-06 19:41:33 - INFO -    ✅ Insertados: 8922 filas en historical_settlement_items
2025-09-06 19:41:33 - INFO - 
============================================================
2025-09-06 19:41:33 - INFO - 📆 Procesando período 70/81: 10-2024  (date param: 01-10-2024)
2025-09-06 19:41:48 - INFO -    ℹ️ Liquidaciones obtenidas: 513
2025-09-06 19:41:49 - INFO -    ✅ Insertados/actualizados: 513 filas en historical_settlements
2025-09-06 19:41:49 - INFO -    ✅ Insertados: 7763 filas en historical_settlement_items
2025-09-06 19:41:49 - INFO - 
============================================================
2025-09-06 19:41:49 - INFO - 📆 Procesando período 71/81: 11-2024  (date param: 01-11-2024)
2025-09-06 19:42:12 - INFO -    ℹ️ Liquidaciones obtenidas: 520
2025-09-06 19:42:12 - INFO -    ✅ Insertados/actualizados: 520 filas en historical_settlements
2025-09-06 19:42:13 - INFO -    ✅ Insertados: 8002 filas en historical_settlement_items
2025-09-06 19:42:13 - INFO - 
============================================================
2025-09-06 19:42:13 - INFO - 📆 Procesando período 72/81: 12-2024  (date param: 01-12-2024)
2025-09-06 19:42:45 - INFO -    ℹ️ Liquidaciones obtenidas: 521
2025-09-06 19:42:45 - INFO -    ✅ Insertados/actualizados: 521 filas en historical_settlements
2025-09-06 19:42:45 - INFO -    ✅ Insertados: 10049 filas en historical_settlement_items
2025-09-06 19:42:46 - INFO - 
============================================================
2025-09-06 19:42:46 - INFO - 📆 Procesando período 73/81: 01-2025  (date param: 01-01-2025)
2025-09-06 19:43:09 - INFO -    ℹ️ Liquidaciones obtenidas: 532
2025-09-06 19:43:09 - INFO -    ✅ Insertados/actualizados: 532 filas en historical_settlements
2025-09-06 19:43:09 - INFO -    ✅ Insertados: 8130 filas en historical_settlement_items
2025-09-06 19:43:10 - INFO - 
============================================================
2025-09-06 19:43:10 - INFO - 📆 Procesando período 74/81: 02-2025  (date param: 01-02-2025)
2025-09-06 19:43:39 - INFO -    ℹ️ Liquidaciones obtenidas: 543
2025-09-06 19:43:39 - INFO -    ✅ Insertados/actualizados: 543 filas en historical_settlements
2025-09-06 19:43:39 - INFO -    ✅ Insertados: 9014 filas en historical_settlement_items
2025-09-06 19:43:40 - INFO - 
============================================================
2025-09-06 19:43:40 - INFO - 📆 Procesando período 75/81: 03-2025  (date param: 01-03-2025)
2025-09-06 19:43:58 - INFO -    ℹ️ Liquidaciones obtenidas: 547
2025-09-06 19:43:58 - INFO -    ✅ Insertados/actualizados: 547 filas en historical_settlements
2025-09-06 19:43:58 - INFO -    ✅ Insertados: 8224 filas en historical_settlement_items
2025-09-06 19:43:59 - INFO - 
============================================================
2025-09-06 19:43:59 - INFO - 📆 Procesando período 76/81: 04-2025  (date param: 01-04-2025)
2025-09-06 19:44:13 - INFO -    ℹ️ Liquidaciones obtenidas: 547
2025-09-06 19:44:13 - INFO -    ✅ Insertados/actualizados: 547 filas en historical_settlements
2025-09-06 19:44:14 - INFO -    ✅ Insertados: 8245 filas en historical_settlement_items
2025-09-06 19:44:14 - INFO - 
============================================================
2025-09-06 19:44:14 - INFO - 📆 Procesando período 77/81: 05-2025  (date param: 01-05-2025)
2025-09-06 19:44:29 - INFO -    ℹ️ Liquidaciones obtenidas: 559
2025-09-06 19:44:29 - INFO -    ✅ Insertados/actualizados: 559 filas en historical_settlements
2025-09-06 19:44:29 - INFO -    ✅ Insertados: 8358 filas en historical_settlement_items
2025-09-06 19:44:30 - INFO - 
============================================================
2025-09-06 19:44:30 - INFO - 📆 Procesando período 78/81: 06-2025  (date param: 01-06-2025)
2025-09-06 19:44:47 - INFO -    ℹ️ Liquidaciones obtenidas: 564
2025-09-06 19:44:47 - INFO -    ✅ Insertados/actualizados: 564 filas en historical_settlements
2025-09-06 19:44:47 - INFO -    ✅ Insertados: 8483 filas en historical_settlement_items
2025-09-06 19:44:48 - INFO - 
============================================================
2025-09-06 19:44:48 - INFO - 📆 Procesando período 79/81: 07-2025  (date param: 01-07-2025)
2025-09-06 19:45:06 - INFO -    ℹ️ Liquidaciones obtenidas: 565
2025-09-06 19:45:07 - INFO -    ✅ Insertados/actualizados: 565 filas en historical_settlements
2025-09-06 19:45:07 - INFO -    ✅ Insertados: 8879 filas en historical_settlement_items
2025-09-06 19:45:07 - INFO - 
============================================================
2025-09-06 19:45:07 - INFO - 📆 Procesando período 80/81: 08-2025  (date param: 01-08-2025)
2025-09-06 19:45:28 - INFO -    ℹ️ Liquidaciones obtenidas: 571
2025-09-06 19:45:28 - INFO -    ✅ Insertados/actualizados: 571 filas en historical_settlements
2025-09-06 19:45:29 - INFO -    ✅ Insertados: 9819 filas en historical_settlement_items
2025-09-06 19:45:29 - INFO - 
============================================================
2025-09-06 19:45:29 - INFO - 📆 Procesando período 81/81: 09-2025  (date param: 01-09-2025)
2025-09-06 19:45:30 - INFO -    ℹ️ Liquidaciones obtenidas: 0
2025-09-06 19:45:30 - WARNING -    ⚠️ No hay filas de liquidaciones para insertar.
2025-09-06 19:45:30 - ERROR -    ❌ ADVERTENCIA: La verificación de datos para 09-2025 falló.
2025-09-06 19:45:30 - WARNING -    ⚠️ No hay items para insertar.
2025-09-06 19:45:30 - INFO - 
============================================================
2025-09-06 19:45:30 - INFO - PROCESO FINALIZADO
2025-09-06 19:45:30 - INFO - Total liquidaciones procesadas (aprox insertadas/actualizadas): 35680
2025-09-06 19:45:30 - INFO - Total items procesados (aprox insertados): 522382
