2025-09-03 16:57:29,339 - INFO - INICIANDO PROCESO HULK
2025-09-03 16:57:29,340 - INFO - Iniciando proceso HULK con 27 períodos
2025-09-03 16:57:29,340 - INFO - HULK PROCESANDO [1/27]: 01-2019
2025-09-03 16:57:29,341 - INFO - Iniciando descarga de empleados...
2025-09-03 16:57:37,783 - INFO - Página 1: 100 empleados (100 total)
2025-09-03 16:57:48,385 - INFO - Página 2: 100 empleados (200 total)
2025-09-03 16:57:56,364 - INFO - Página 3: 100 empleados (300 total)
2025-09-03 16:58:03,764 - INFO - Página 4: 100 empleados (400 total)
2025-09-03 16:58:45,303 - INFO - INICIANDO PROCESO HULK
2025-09-03 16:58:45,304 - INFO - Iniciando proceso HULK con 27 períodos
2025-09-03 16:58:45,304 - INFO - HULK PROCESANDO [1/27]: 01-2019
2025-09-03 16:58:45,304 - INFO - Iniciando descarga de empleados...
2025-09-03 16:58:54,367 - INFO - Página 1: 100 empleados (100 total)
2025-09-03 16:59:05,161 - INFO - Página 2: 100 empleados (200 total)
2025-09-03 16:59:13,925 - INFO - Página 3: 100 empleados (300 total)
2025-09-03 16:59:22,724 - INFO - Página 4: 100 empleados (400 total)
2025-09-03 16:59:32,412 - INFO - Página 5: 100 empleados (500 total)
2025-09-03 16:59:40,820 - INFO - Página 6: 100 empleados (600 total)
2025-09-03 16:59:49,367 - INFO - Página 7: 100 empleados (700 total)
2025-09-03 16:59:57,650 - INFO - Página 8: 100 empleados (800 total)
2025-09-03 17:00:07,736 - INFO - Página 9: 100 empleados (900 total)
2025-09-03 17:00:17,086 - INFO - Página 10: 100 empleados (1000 total)
2025-09-03 17:00:30,345 - INFO - Página 11: 95 empleados (1095 total)
2025-09-03 17:00:30,345 - INFO - Total empleados obtenidos: 1095
2025-09-03 17:00:30,346 - INFO - Iniciando descarga de liquidaciones para 01-01-2019...
2025-09-03 17:01:05,426 - INFO - Total liquidaciones obtenidas: 386
2025-09-03 17:01:05,427 - INFO - Empleados: 565, Liquidaciones: 386
2025-09-03 17:01:06,500 - INFO - 565 registros insertados en historical_settlements
2025-09-03 17:01:06,504 - INFO - Checkpoint guardado: 01-2019 (565 registros)
2025-09-03 17:01:06,504 - INFO - HULK COMPLETÓ 01-2019: 565 registros en 141.2s
2025-09-03 17:01:06,504 - INFO - HULK PROCESANDO [2/27]: 04-2019
2025-09-03 17:01:06,505 - INFO - Iniciando descarga de empleados...
2025-09-03 17:01:16,476 - INFO - Página 1: 100 empleados (100 total)
2025-09-03 17:01:29,177 - INFO - Página 2: 100 empleados (200 total)
2025-09-03 17:01:37,971 - INFO - Página 3: 100 empleados (300 total)
2025-09-03 17:01:46,793 - INFO - Página 4: 100 empleados (400 total)
2025-09-03 17:01:57,162 - INFO - Página 5: 100 empleados (500 total)
2025-09-03 17:02:13,248 - INFO - Página 6: 100 empleados (600 total)
2025-09-03 17:02:26,232 - INFO - Página 7: 100 empleados (700 total)
2025-09-03 17:02:37,016 - INFO - Página 8: 100 empleados (800 total)
2025-09-03 17:02:46,362 - INFO - Página 9: 100 empleados (900 total)
2025-09-03 17:03:10,628 - INFO - Página 10: 100 empleados (1000 total)
2025-09-03 17:03:21,561 - INFO - Página 11: 95 empleados (1095 total)
2025-09-03 17:03:21,561 - INFO - Total empleados obtenidos: 1095
2025-09-03 17:03:21,578 - INFO - Iniciando descarga de liquidaciones para 01-04-2019...
2025-09-03 17:03:46,975 - INFO - Total liquidaciones obtenidas: 386
2025-09-03 17:03:46,978 - INFO - Empleados: 565, Liquidaciones: 386
2025-09-03 17:03:47,988 - INFO - 565 registros insertados en historical_settlements
2025-09-03 17:03:47,992 - INFO - Checkpoint guardado: 04-2019 (565 registros)
2025-09-03 17:03:47,993 - INFO - HULK COMPLETÓ 04-2019: 565 registros en 161.5s
2025-09-03 17:03:47,993 - INFO - HULK PROCESANDO [3/27]: 07-2019
2025-09-03 17:03:47,994 - INFO - Iniciando descarga de empleados...
2025-09-03 17:03:58,992 - INFO - Página 1: 100 empleados (100 total)
2025-09-03 17:04:14,298 - INFO - Página 2: 100 empleados (200 total)
2025-09-03 17:04:24,274 - INFO - Página 3: 100 empleados (300 total)
2025-09-03 17:04:41,660 - INFO - Página 4: 100 empleados (400 total)
2025-09-03 17:04:53,641 - INFO - Página 5: 100 empleados (500 total)
2025-09-03 17:05:02,275 - INFO - Página 6: 100 empleados (600 total)
2025-09-03 17:05:11,448 - INFO - Página 7: 100 empleados (700 total)
2025-09-03 17:05:19,630 - INFO - Página 8: 100 empleados (800 total)
2025-09-03 17:05:29,081 - INFO - Página 9: 100 empleados (900 total)
2025-09-03 17:05:38,850 - INFO - Página 10: 100 empleados (1000 total)
2025-09-03 17:05:51,331 - INFO - Página 11: 95 empleados (1095 total)
2025-09-03 17:05:51,332 - INFO - Total empleados obtenidos: 1095
2025-09-03 17:05:51,350 - INFO - Iniciando descarga de liquidaciones para 01-07-2019...
2025-09-03 17:06:08,272 - INFO - Total liquidaciones obtenidas: 383
2025-09-03 17:06:08,274 - INFO - Empleados: 565, Liquidaciones: 383
2025-09-03 17:06:09,353 - INFO - 565 registros insertados en historical_settlements
2025-09-03 17:06:09,357 - INFO - Checkpoint guardado: 07-2019 (565 registros)
2025-09-03 17:06:09,357 - INFO - HULK COMPLETÓ 07-2019: 565 registros en 141.4s
2025-09-03 17:06:09,358 - INFO - HULK PROCESANDO [4/27]: 10-2019
2025-09-03 17:06:09,359 - INFO - Iniciando descarga de empleados...
2025-09-03 17:06:18,495 - INFO - Página 1: 100 empleados (100 total)
2025-09-03 17:06:33,890 - INFO - Página 2: 100 empleados (200 total)
2025-09-03 17:06:58,501 - INFO - Página 3: 100 empleados (300 total)
2025-09-03 17:07:07,446 - INFO - Página 4: 100 empleados (400 total)
2025-09-03 17:07:17,459 - INFO - Página 5: 100 empleados (500 total)
2025-09-03 17:07:29,686 - INFO - Página 6: 100 empleados (600 total)
2025-09-03 17:07:39,238 - INFO - Página 7: 100 empleados (700 total)
2025-09-03 17:07:48,315 - INFO - Página 8: 100 empleados (800 total)
2025-09-03 17:07:58,961 - INFO - Página 9: 100 empleados (900 total)
2025-09-03 17:08:07,097 - INFO - Página 10: 100 empleados (1000 total)
2025-09-03 17:08:17,585 - INFO - Página 11: 95 empleados (1095 total)
2025-09-03 17:08:17,585 - INFO - Total empleados obtenidos: 1095
2025-09-03 17:08:17,613 - INFO - Iniciando descarga de liquidaciones para 01-10-2019...
2025-09-03 17:08:31,013 - INFO - Total liquidaciones obtenidas: 389
2025-09-03 17:08:31,017 - INFO - Empleados: 565, Liquidaciones: 389
2025-09-03 17:08:32,024 - INFO - 565 registros insertados en historical_settlements
2025-09-03 17:08:32,029 - INFO - Checkpoint guardado: 10-2019 (565 registros)
2025-09-03 17:08:32,030 - INFO - HULK COMPLETÓ 10-2019: 565 registros en 142.7s
2025-09-03 17:08:32,030 - INFO - HULK PROCESANDO [5/27]: 01-2020
2025-09-03 17:08:32,031 - INFO - Iniciando descarga de empleados...
2025-09-03 17:08:40,329 - INFO - Página 1: 100 empleados (100 total)
2025-09-03 17:08:50,777 - INFO - Página 2: 100 empleados (200 total)
2025-09-03 17:09:00,963 - INFO - Página 3: 100 empleados (300 total)
2025-09-03 17:09:14,596 - INFO - Página 4: 100 empleados (400 total)
2025-09-03 17:09:30,058 - INFO - Página 5: 100 empleados (500 total)
2025-09-03 17:09:45,922 - INFO - Página 6: 100 empleados (600 total)
2025-09-03 17:10:16,960 - WARNING - Timeout en intento 1/5
2025-09-03 17:10:26,736 - INFO - Página 7: 100 empleados (700 total)
2025-09-03 17:10:35,377 - INFO - Página 8: 100 empleados (800 total)
2025-09-03 17:11:00,824 - INFO - Página 9: 100 empleados (900 total)
2025-09-03 17:11:08,630 - INFO - Página 10: 100 empleados (1000 total)
2025-09-03 17:11:19,362 - INFO - Página 11: 95 empleados (1095 total)
2025-09-03 17:11:19,363 - INFO - Total empleados obtenidos: 1095
2025-09-03 17:11:19,388 - INFO - Iniciando descarga de liquidaciones para 01-01-2020...
2025-09-03 17:11:34,624 - INFO - Total liquidaciones obtenidas: 391
2025-09-03 17:11:34,626 - INFO - Empleados: 565, Liquidaciones: 391
2025-09-03 17:11:35,826 - INFO - 565 registros insertados en historical_settlements
2025-09-03 17:11:35,830 - INFO - Checkpoint guardado: 01-2020 (565 registros)
2025-09-03 17:11:35,831 - INFO - HULK COMPLETÓ 01-2020: 565 registros en 183.8s
2025-09-03 17:11:35,831 - INFO - HULK PROCESANDO [6/27]: 04-2020
2025-09-03 17:11:35,832 - INFO - Iniciando descarga de empleados...
2025-09-03 17:11:45,225 - INFO - Página 1: 100 empleados (100 total)
2025-09-03 17:11:53,968 - INFO - Página 2: 100 empleados (200 total)
2025-09-03 17:12:02,120 - INFO - Página 3: 100 empleados (300 total)
2025-09-03 17:12:09,057 - INFO - Página 4: 100 empleados (400 total)
2025-09-03 17:12:22,763 - INFO - Página 5: 100 empleados (500 total)
2025-09-03 17:12:33,059 - INFO - Página 6: 100 empleados (600 total)
2025-09-03 17:12:40,903 - INFO - Página 7: 100 empleados (700 total)
2025-09-03 17:12:48,887 - INFO - Página 8: 100 empleados (800 total)
2025-09-03 17:12:58,245 - INFO - Página 9: 100 empleados (900 total)
2025-09-03 17:13:08,983 - INFO - Página 10: 100 empleados (1000 total)
2025-09-03 17:13:16,178 - INFO - Página 11: 95 empleados (1095 total)
2025-09-03 17:13:16,179 - INFO - Total empleados obtenidos: 1095
2025-09-03 17:13:16,197 - INFO - Iniciando descarga de liquidaciones para 01-04-2020...
2025-09-03 17:13:32,481 - INFO - Total liquidaciones obtenidas: 394
2025-09-03 17:13:32,484 - INFO - Empleados: 565, Liquidaciones: 394
2025-09-03 17:13:33,658 - INFO - 565 registros insertados en historical_settlements
2025-09-03 17:13:33,662 - INFO - Checkpoint guardado: 04-2020 (565 registros)
2025-09-03 17:13:33,663 - INFO - HULK COMPLETÓ 04-2020: 565 registros en 117.8s
2025-09-03 17:13:33,664 - INFO - HULK PROCESANDO [7/27]: 07-2020
2025-09-03 17:13:33,664 - INFO - Iniciando descarga de empleados...
2025-09-03 17:13:40,665 - INFO - Página 1: 100 empleados (100 total)
2025-09-03 17:13:54,156 - INFO - Página 2: 100 empleados (200 total)
2025-09-03 17:14:03,397 - INFO - Página 3: 100 empleados (300 total)
2025-09-03 17:14:11,843 - INFO - Página 4: 100 empleados (400 total)
2025-09-03 17:14:21,263 - INFO - Página 5: 100 empleados (500 total)
2025-09-03 17:14:29,833 - INFO - Página 6: 100 empleados (600 total)
2025-09-03 17:14:38,162 - INFO - Página 7: 100 empleados (700 total)
2025-09-03 17:14:45,673 - INFO - Página 8: 100 empleados (800 total)
2025-09-03 17:14:56,108 - INFO - Página 9: 100 empleados (900 total)
2025-09-03 17:15:07,704 - INFO - Página 10: 100 empleados (1000 total)
2025-09-03 17:15:16,453 - INFO - Página 11: 95 empleados (1095 total)
2025-09-03 17:15:16,454 - INFO - Total empleados obtenidos: 1095
2025-09-03 17:15:16,476 - INFO - Iniciando descarga de liquidaciones para 01-07-2020...
2025-09-03 17:15:31,917 - INFO - Total liquidaciones obtenidas: 382
2025-09-03 17:15:31,919 - INFO - Empleados: 565, Liquidaciones: 382
2025-09-03 17:15:34,139 - INFO - 565 registros insertados en historical_settlements
2025-09-03 17:15:34,143 - INFO - Checkpoint guardado: 07-2020 (565 registros)
2025-09-03 17:15:34,144 - INFO - HULK COMPLETÓ 07-2020: 565 registros en 120.5s
2025-09-03 17:15:34,145 - INFO - HULK PROCESANDO [8/27]: 10-2020
2025-09-03 17:15:34,145 - INFO - Iniciando descarga de empleados...
2025-09-03 17:15:42,604 - INFO - Página 1: 100 empleados (100 total)
2025-09-03 17:15:55,067 - INFO - Página 2: 100 empleados (200 total)
2025-09-03 17:16:06,024 - INFO - Página 3: 100 empleados (300 total)
2025-09-03 17:16:16,301 - INFO - Página 4: 100 empleados (400 total)
2025-09-03 17:16:26,506 - INFO - Página 5: 100 empleados (500 total)
2025-09-03 17:16:35,994 - INFO - Página 6: 100 empleados (600 total)
2025-09-03 17:16:44,942 - INFO - Página 7: 100 empleados (700 total)
2025-09-03 17:16:56,010 - INFO - Página 8: 100 empleados (800 total)
2025-09-03 17:17:06,962 - INFO - Página 9: 100 empleados (900 total)
2025-09-03 17:17:15,888 - INFO - Página 10: 100 empleados (1000 total)
2025-09-03 17:17:24,646 - INFO - Página 11: 95 empleados (1095 total)
2025-09-03 17:17:24,647 - INFO - Total empleados obtenidos: 1095
2025-09-03 17:17:24,663 - INFO - Iniciando descarga de liquidaciones para 01-10-2020...
2025-09-03 17:17:38,793 - INFO - Total liquidaciones obtenidas: 386
2025-09-03 17:17:38,795 - INFO - Empleados: 565, Liquidaciones: 386
2025-09-03 17:17:39,970 - INFO - 565 registros insertados en historical_settlements
2025-09-03 17:17:39,975 - INFO - Checkpoint guardado: 10-2020 (565 registros)
2025-09-03 17:17:39,975 - INFO - HULK COMPLETÓ 10-2020: 565 registros en 125.8s
2025-09-03 17:17:39,976 - INFO - HULK PROCESANDO [9/27]: 01-2021
2025-09-03 17:17:39,977 - INFO - Iniciando descarga de empleados...
2025-09-03 17:17:47,901 - INFO - Página 1: 100 empleados (100 total)
2025-09-03 17:17:59,141 - INFO - Página 2: 100 empleados (200 total)
2025-09-03 17:18:06,488 - INFO - Página 3: 100 empleados (300 total)
2025-09-03 17:18:16,329 - INFO - Página 4: 100 empleados (400 total)
2025-09-03 17:18:27,985 - INFO - Página 5: 100 empleados (500 total)
2025-09-03 17:18:38,825 - INFO - Página 6: 100 empleados (600 total)
2025-09-03 17:18:46,130 - INFO - Página 7: 100 empleados (700 total)
2025-09-03 17:18:54,130 - INFO - Página 8: 100 empleados (800 total)
2025-09-03 17:19:02,583 - INFO - Página 9: 100 empleados (900 total)
2025-09-03 17:19:10,047 - INFO - Página 10: 100 empleados (1000 total)
2025-09-03 17:19:18,728 - INFO - Página 11: 95 empleados (1095 total)
2025-09-03 17:19:18,728 - INFO - Total empleados obtenidos: 1095
2025-09-03 17:19:18,750 - INFO - Iniciando descarga de liquidaciones para 01-01-2021...
2025-09-03 17:19:37,674 - INFO - Total liquidaciones obtenidas: 408
2025-09-03 17:19:37,678 - INFO - Empleados: 565, Liquidaciones: 408
2025-09-03 17:19:38,740 - INFO - 565 registros insertados en historical_settlements
2025-09-03 17:19:38,743 - INFO - Checkpoint guardado: 01-2021 (565 registros)
2025-09-03 17:19:38,743 - INFO - HULK COMPLETÓ 01-2021: 565 registros en 118.8s
2025-09-03 17:19:38,744 - INFO - HULK PROCESANDO [10/27]: 04-2021
2025-09-03 17:19:38,744 - INFO - Iniciando descarga de empleados...
2025-09-03 17:19:46,553 - INFO - Página 1: 100 empleados (100 total)
2025-09-03 17:19:59,288 - INFO - Página 2: 100 empleados (200 total)
2025-09-03 17:20:15,804 - INFO - Página 3: 100 empleados (300 total)
2025-09-03 17:20:26,252 - INFO - Página 4: 100 empleados (400 total)
2025-09-03 17:20:44,003 - INFO - Página 5: 100 empleados (500 total)
2025-09-03 17:20:53,833 - INFO - Página 6: 100 empleados (600 total)
2025-09-03 17:21:03,905 - INFO - Página 7: 100 empleados (700 total)
2025-09-03 17:21:12,816 - INFO - Página 8: 100 empleados (800 total)
2025-09-03 17:21:22,269 - INFO - Página 9: 100 empleados (900 total)
2025-09-03 17:21:31,500 - INFO - Página 10: 100 empleados (1000 total)
2025-09-03 17:21:39,931 - INFO - Página 11: 95 empleados (1095 total)
2025-09-03 17:21:39,932 - INFO - Total empleados obtenidos: 1095
2025-09-03 17:21:39,951 - INFO - Iniciando descarga de liquidaciones para 01-04-2021...
2025-09-03 17:22:01,227 - INFO - Total liquidaciones obtenidas: 433
2025-09-03 17:22:01,230 - INFO - Empleados: 565, Liquidaciones: 433
2025-09-03 17:22:02,361 - INFO - 565 registros insertados en historical_settlements
2025-09-03 17:22:02,365 - INFO - Checkpoint guardado: 04-2021 (565 registros)
2025-09-03 17:22:02,365 - INFO - HULK COMPLETÓ 04-2021: 565 registros en 143.6s
2025-09-03 17:22:02,366 - INFO - HULK PROCESANDO [11/27]: 07-2021
2025-09-03 17:22:02,367 - INFO - Iniciando descarga de empleados...
2025-09-03 17:22:10,420 - INFO - Página 1: 100 empleados (100 total)
2025-09-03 17:22:19,780 - INFO - Página 2: 100 empleados (200 total)
2025-09-03 17:22:31,113 - INFO - Página 3: 100 empleados (300 total)
2025-09-03 17:22:39,661 - INFO - Página 4: 100 empleados (400 total)
2025-09-03 17:22:51,409 - INFO - Página 5: 100 empleados (500 total)
2025-09-03 17:23:04,379 - INFO - Página 6: 100 empleados (600 total)
2025-09-03 17:23:14,681 - INFO - Página 7: 100 empleados (700 total)
2025-09-03 17:23:24,570 - INFO - Página 8: 100 empleados (800 total)
2025-09-03 17:23:36,769 - INFO - Página 9: 100 empleados (900 total)
2025-09-03 17:23:46,018 - INFO - Página 10: 100 empleados (1000 total)
2025-09-03 17:23:56,682 - INFO - Página 11: 95 empleados (1095 total)
2025-09-03 17:23:56,682 - INFO - Total empleados obtenidos: 1095
2025-09-03 17:23:56,701 - INFO - Iniciando descarga de liquidaciones para 01-07-2021...
2025-09-03 17:24:12,403 - INFO - Total liquidaciones obtenidas: 432
2025-09-03 17:24:12,406 - INFO - Empleados: 565, Liquidaciones: 432
2025-09-03 17:24:13,509 - INFO - 565 registros insertados en historical_settlements
2025-09-03 17:24:13,513 - INFO - Checkpoint guardado: 07-2021 (565 registros)
2025-09-03 17:24:13,514 - INFO - HULK COMPLETÓ 07-2021: 565 registros en 131.1s
2025-09-03 17:24:13,515 - INFO - HULK PROCESANDO [12/27]: 10-2021
2025-09-03 17:24:13,515 - INFO - Iniciando descarga de empleados...
2025-09-03 17:24:20,971 - INFO - Página 1: 100 empleados (100 total)
2025-09-03 17:24:31,194 - INFO - Página 2: 100 empleados (200 total)
2025-09-03 17:24:40,517 - INFO - Página 3: 100 empleados (300 total)
2025-09-03 17:24:48,527 - INFO - Página 4: 100 empleados (400 total)
2025-09-03 17:24:56,373 - INFO - Página 5: 100 empleados (500 total)
2025-09-03 17:25:06,037 - INFO - Página 6: 100 empleados (600 total)
2025-09-03 17:25:14,809 - INFO - Página 7: 100 empleados (700 total)
2025-09-03 17:25:23,554 - INFO - Página 8: 100 empleados (800 total)
2025-09-03 17:25:33,147 - INFO - Página 9: 100 empleados (900 total)
2025-09-03 17:25:42,388 - INFO - Página 10: 100 empleados (1000 total)
2025-09-03 17:25:51,657 - INFO - Página 11: 95 empleados (1095 total)
2025-09-03 17:25:51,657 - INFO - Total empleados obtenidos: 1095
2025-09-03 17:25:51,675 - INFO - Iniciando descarga de liquidaciones para 01-10-2021...
2025-09-03 17:26:10,081 - INFO - Total liquidaciones obtenidas: 451
2025-09-03 17:26:10,084 - INFO - Empleados: 565, Liquidaciones: 451
2025-09-03 17:26:11,128 - INFO - 565 registros insertados en historical_settlements
2025-09-03 17:26:11,133 - INFO - Checkpoint guardado: 10-2021 (565 registros)
2025-09-03 17:26:11,134 - INFO - HULK COMPLETÓ 10-2021: 565 registros en 117.6s
2025-09-03 17:26:11,134 - INFO - HULK PROCESANDO [13/27]: 01-2022
2025-09-03 17:26:11,134 - INFO - Iniciando descarga de empleados...
2025-09-03 17:26:18,785 - INFO - Página 1: 100 empleados (100 total)
2025-09-03 17:26:28,537 - INFO - Página 2: 100 empleados (200 total)
2025-09-03 17:26:35,516 - INFO - Página 3: 100 empleados (300 total)
2025-09-03 17:26:43,324 - INFO - Página 4: 100 empleados (400 total)
2025-09-03 17:26:51,903 - INFO - Página 5: 100 empleados (500 total)
2025-09-03 17:27:00,698 - INFO - Página 6: 100 empleados (600 total)
2025-09-03 17:27:08,789 - INFO - Página 7: 100 empleados (700 total)
2025-09-03 17:27:16,712 - INFO - Página 8: 100 empleados (800 total)
2025-09-03 17:27:26,244 - INFO - Página 9: 100 empleados (900 total)
2025-09-03 17:27:44,202 - INFO - Página 10: 100 empleados (1000 total)
2025-09-03 17:27:53,882 - INFO - Página 11: 95 empleados (1095 total)
2025-09-03 17:27:53,883 - INFO - Total empleados obtenidos: 1095
2025-09-03 17:27:53,908 - INFO - Iniciando descarga de liquidaciones para 01-01-2022...
2025-09-03 17:28:13,020 - INFO - Total liquidaciones obtenidas: 446
2025-09-03 17:28:13,023 - INFO - Empleados: 565, Liquidaciones: 446
2025-09-03 17:28:14,013 - INFO - 565 registros insertados en historical_settlements
2025-09-03 17:28:14,017 - INFO - Checkpoint guardado: 01-2022 (565 registros)
2025-09-03 17:28:14,018 - INFO - HULK COMPLETÓ 01-2022: 565 registros en 122.9s
2025-09-03 17:28:14,018 - INFO - HULK PROCESANDO [14/27]: 04-2022
2025-09-03 17:28:14,019 - INFO - Iniciando descarga de empleados...
2025-09-03 17:28:24,208 - INFO - Página 1: 100 empleados (100 total)
2025-09-03 17:28:34,485 - INFO - Página 2: 100 empleados (200 total)
2025-09-03 17:28:41,883 - INFO - Página 3: 100 empleados (300 total)
2025-09-03 17:28:51,589 - INFO - Página 4: 100 empleados (400 total)
2025-09-03 17:29:01,577 - INFO - Página 5: 100 empleados (500 total)
2025-09-03 17:29:13,840 - INFO - Página 6: 100 empleados (600 total)
2025-09-03 17:29:21,100 - INFO - Página 7: 100 empleados (700 total)
2025-09-03 17:29:31,248 - INFO - Página 8: 100 empleados (800 total)
2025-09-03 17:29:38,749 - INFO - Página 9: 100 empleados (900 total)
2025-09-03 17:29:47,080 - INFO - Página 10: 100 empleados (1000 total)
2025-09-03 17:29:56,464 - INFO - Página 11: 95 empleados (1095 total)
2025-09-03 17:29:56,464 - INFO - Total empleados obtenidos: 1095
2025-09-03 17:29:56,484 - INFO - Iniciando descarga de liquidaciones para 01-04-2022...
2025-09-03 17:30:15,666 - INFO - Total liquidaciones obtenidas: 444
2025-09-03 17:30:15,670 - INFO - Empleados: 565, Liquidaciones: 444
2025-09-03 17:30:16,709 - INFO - 565 registros insertados en historical_settlements
2025-09-03 17:30:16,712 - INFO - Checkpoint guardado: 04-2022 (565 registros)
2025-09-03 17:30:16,713 - INFO - HULK COMPLETÓ 04-2022: 565 registros en 122.7s
2025-09-03 17:30:16,714 - INFO - HULK PROCESANDO [15/27]: 07-2022
2025-09-03 17:30:16,714 - INFO - Iniciando descarga de empleados...
2025-09-03 17:30:23,434 - INFO - Página 1: 100 empleados (100 total)
2025-09-03 17:30:32,437 - INFO - Página 2: 100 empleados (200 total)
2025-09-03 17:30:43,801 - INFO - Página 3: 100 empleados (300 total)
2025-09-03 17:30:53,406 - INFO - Página 4: 100 empleados (400 total)
2025-09-03 17:31:03,112 - INFO - Página 5: 100 empleados (500 total)
2025-09-03 17:31:11,974 - INFO - Página 6: 100 empleados (600 total)
2025-09-03 17:31:22,759 - INFO - Página 7: 100 empleados (700 total)
2025-09-03 17:31:52,824 - INFO - Página 8: 100 empleados (800 total)
2025-09-03 17:32:00,790 - INFO - Página 9: 100 empleados (900 total)
2025-09-03 17:32:09,871 - INFO - Página 10: 100 empleados (1000 total)
2025-09-03 17:32:19,015 - INFO - Página 11: 95 empleados (1095 total)
2025-09-03 17:32:19,015 - INFO - Total empleados obtenidos: 1095
2025-09-03 17:32:19,033 - INFO - Iniciando descarga de liquidaciones para 01-07-2022...
2025-09-03 17:32:39,901 - INFO - Total liquidaciones obtenidas: 438
2025-09-03 17:32:39,904 - INFO - Empleados: 565, Liquidaciones: 438
2025-09-03 17:32:40,996 - INFO - 565 registros insertados en historical_settlements
2025-09-03 17:32:41,000 - INFO - Checkpoint guardado: 07-2022 (565 registros)
2025-09-03 17:32:41,000 - INFO - HULK COMPLETÓ 07-2022: 565 registros en 144.3s
2025-09-03 17:32:41,000 - INFO - HULK PROCESANDO [16/27]: 10-2022
2025-09-03 17:32:41,001 - INFO - Iniciando descarga de empleados...
2025-09-03 17:32:50,489 - INFO - Página 1: 100 empleados (100 total)
2025-09-03 17:33:01,201 - INFO - Página 2: 100 empleados (200 total)
2025-09-03 17:33:09,038 - INFO - Página 3: 100 empleados (300 total)
2025-09-03 17:33:17,317 - INFO - Página 4: 100 empleados (400 total)
2025-09-03 17:33:31,314 - INFO - Página 5: 100 empleados (500 total)
2025-09-03 17:33:40,849 - INFO - Página 6: 100 empleados (600 total)
2025-09-03 17:33:49,904 - INFO - Página 7: 100 empleados (700 total)
2025-09-03 17:33:57,213 - INFO - Página 8: 100 empleados (800 total)
2025-09-03 17:34:05,529 - INFO - Página 9: 100 empleados (900 total)
2025-09-03 17:34:13,910 - INFO - Página 10: 100 empleados (1000 total)
2025-09-03 17:34:24,162 - INFO - Página 11: 95 empleados (1095 total)
2025-09-03 17:34:24,162 - INFO - Total empleados obtenidos: 1095
2025-09-03 17:34:24,184 - INFO - Iniciando descarga de liquidaciones para 01-10-2022...
2025-09-03 17:34:55,133 - WARNING - Timeout en intento 1/5
2025-09-03 17:35:15,987 - INFO - Total liquidaciones obtenidas: 434
2025-09-03 17:35:15,990 - INFO - Empleados: 565, Liquidaciones: 434
2025-09-03 17:35:17,011 - INFO - 565 registros insertados en historical_settlements
2025-09-03 17:35:17,014 - INFO - Checkpoint guardado: 10-2022 (565 registros)
2025-09-03 17:35:17,015 - INFO - HULK COMPLETÓ 10-2022: 565 registros en 156.0s
2025-09-03 17:35:17,015 - INFO - HULK PROCESANDO [17/27]: 01-2023
2025-09-03 17:35:17,015 - INFO - Iniciando descarga de empleados...
2025-09-03 17:35:24,562 - INFO - Página 1: 100 empleados (100 total)
2025-09-03 17:35:34,665 - INFO - Página 2: 100 empleados (200 total)
2025-09-03 17:35:42,949 - INFO - Página 3: 100 empleados (300 total)
2025-09-03 17:35:54,250 - INFO - Página 4: 100 empleados (400 total)
2025-09-03 17:36:12,691 - INFO - Página 5: 100 empleados (500 total)
2025-09-03 17:36:23,066 - INFO - Página 6: 100 empleados (600 total)
2025-09-03 17:36:32,171 - INFO - Página 7: 100 empleados (700 total)
2025-09-03 17:36:41,257 - INFO - Página 8: 100 empleados (800 total)
2025-09-03 17:36:48,930 - INFO - Página 9: 100 empleados (900 total)
2025-09-03 17:36:57,584 - INFO - Página 10: 100 empleados (1000 total)
2025-09-03 17:37:17,682 - INFO - Página 11: 95 empleados (1095 total)
2025-09-03 17:37:17,683 - INFO - Total empleados obtenidos: 1095
2025-09-03 17:37:17,702 - INFO - Iniciando descarga de liquidaciones para 01-01-2023...
2025-09-03 17:37:38,358 - INFO - Total liquidaciones obtenidas: 442
2025-09-03 17:37:38,362 - INFO - Empleados: 565, Liquidaciones: 442
2025-09-03 17:37:39,493 - INFO - 565 registros insertados en historical_settlements
2025-09-03 17:37:39,498 - INFO - Checkpoint guardado: 01-2023 (565 registros)
2025-09-03 17:37:39,498 - INFO - HULK COMPLETÓ 01-2023: 565 registros en 142.5s
2025-09-03 17:37:39,499 - INFO - HULK PROCESANDO [18/27]: 04-2023
2025-09-03 17:37:39,499 - INFO - Iniciando descarga de empleados...
2025-09-03 17:37:46,805 - INFO - Página 1: 100 empleados (100 total)
2025-09-03 17:37:56,102 - INFO - Página 2: 100 empleados (200 total)
2025-09-03 17:38:04,199 - INFO - Página 3: 100 empleados (300 total)
2025-09-03 17:38:13,529 - INFO - Página 4: 100 empleados (400 total)
2025-09-03 17:38:22,925 - INFO - Página 5: 100 empleados (500 total)
2025-09-03 17:38:33,873 - INFO - Página 6: 100 empleados (600 total)
2025-09-03 17:38:42,526 - INFO - Página 7: 100 empleados (700 total)
2025-09-03 17:38:52,640 - INFO - Página 8: 100 empleados (800 total)
2025-09-03 17:39:02,490 - INFO - Página 9: 100 empleados (900 total)
2025-09-03 17:39:33,524 - WARNING - Timeout en intento 1/5
2025-09-03 17:39:43,904 - INFO - Página 10: 100 empleados (1000 total)
2025-09-03 17:39:51,892 - INFO - Página 11: 95 empleados (1095 total)
2025-09-03 17:39:51,893 - INFO - Total empleados obtenidos: 1095
2025-09-03 17:39:51,914 - INFO - Iniciando descarga de liquidaciones para 01-04-2023...
2025-09-03 17:40:15,515 - INFO - Total liquidaciones obtenidas: 443
2025-09-03 17:40:15,519 - INFO - Empleados: 565, Liquidaciones: 443
2025-09-03 17:40:16,579 - INFO - 565 registros insertados en historical_settlements
2025-09-03 17:40:16,582 - INFO - Checkpoint guardado: 04-2023 (565 registros)
2025-09-03 17:40:16,583 - INFO - HULK COMPLETÓ 04-2023: 565 registros en 157.1s
2025-09-03 17:40:16,583 - INFO - HULK PROCESANDO [19/27]: 07-2023
2025-09-03 17:40:16,584 - INFO - Iniciando descarga de empleados...
2025-09-03 17:40:23,511 - INFO - Página 1: 100 empleados (100 total)
2025-09-03 17:40:35,439 - INFO - Página 2: 100 empleados (200 total)
2025-09-03 17:40:47,262 - INFO - Página 3: 100 empleados (300 total)
2025-09-03 17:41:02,603 - INFO - Página 4: 100 empleados (400 total)
2025-09-03 17:41:15,762 - INFO - Página 5: 100 empleados (500 total)
2025-09-03 17:41:26,743 - INFO - Página 6: 100 empleados (600 total)
2025-09-03 17:41:34,047 - INFO - Página 7: 100 empleados (700 total)
2025-09-03 17:41:43,019 - INFO - Página 8: 100 empleados (800 total)
2025-09-03 17:41:53,013 - INFO - Página 9: 100 empleados (900 total)
2025-09-03 17:42:01,533 - INFO - Página 10: 100 empleados (1000 total)
2025-09-03 17:42:32,656 - WARNING - Timeout en intento 1/5
2025-09-03 17:42:42,840 - INFO - Página 11: 95 empleados (1095 total)
2025-09-03 17:42:42,840 - INFO - Total empleados obtenidos: 1095
2025-09-03 17:42:42,861 - INFO - Iniciando descarga de liquidaciones para 01-07-2023...
2025-09-03 17:43:12,506 - INFO - Total liquidaciones obtenidas: 455
2025-09-03 17:43:12,509 - INFO - Empleados: 565, Liquidaciones: 455
2025-09-03 17:43:13,567 - INFO - 565 registros insertados en historical_settlements
2025-09-03 17:43:13,569 - INFO - Checkpoint guardado: 07-2023 (565 registros)
2025-09-03 17:43:13,570 - INFO - HULK COMPLETÓ 07-2023: 565 registros en 177.0s
2025-09-03 17:43:13,570 - INFO - HULK PROCESANDO [20/27]: 10-2023
2025-09-03 17:43:13,570 - INFO - Iniciando descarga de empleados...
2025-09-03 17:43:33,949 - INFO - Página 1: 100 empleados (100 total)
2025-09-03 17:44:00,918 - INFO - Página 2: 100 empleados (200 total)
2025-09-03 17:44:31,976 - WARNING - Timeout en intento 1/5
2025-09-03 17:44:42,350 - INFO - Página 3: 100 empleados (300 total)
2025-09-03 17:44:58,228 - INFO - Página 4: 100 empleados (400 total)
2025-09-03 17:45:08,220 - INFO - Página 5: 100 empleados (500 total)
2025-09-03 17:45:17,201 - INFO - Página 6: 100 empleados (600 total)
2025-09-03 17:45:25,778 - INFO - Página 7: 100 empleados (700 total)
2025-09-03 17:45:36,254 - INFO - Página 8: 100 empleados (800 total)
2025-09-03 17:45:45,983 - INFO - Página 9: 100 empleados (900 total)
2025-09-03 17:45:53,786 - INFO - Página 10: 100 empleados (1000 total)
2025-09-03 17:46:23,259 - INFO - Página 11: 95 empleados (1095 total)
2025-09-03 17:46:23,259 - INFO - Total empleados obtenidos: 1095
2025-09-03 17:46:23,276 - INFO - Iniciando descarga de liquidaciones para 01-10-2023...
2025-09-03 17:46:42,754 - INFO - Total liquidaciones obtenidas: 465
2025-09-03 17:46:42,758 - INFO - Empleados: 565, Liquidaciones: 465
2025-09-03 17:46:43,801 - INFO - 565 registros insertados en historical_settlements
2025-09-03 17:46:43,804 - INFO - Checkpoint guardado: 10-2023 (565 registros)
2025-09-03 17:46:43,805 - INFO - HULK COMPLETÓ 10-2023: 565 registros en 210.2s
2025-09-03 17:46:43,805 - INFO - HULK PROCESANDO [21/27]: 01-2024
2025-09-03 17:46:43,806 - INFO - Iniciando descarga de empleados...
2025-09-03 17:46:51,531 - INFO - Página 1: 100 empleados (100 total)
2025-09-03 17:47:22,601 - WARNING - Timeout en intento 1/5
2025-09-03 17:47:55,576 - WARNING - Timeout en intento 2/5
2025-09-03 17:48:09,303 - INFO - Página 2: 100 empleados (200 total)
2025-09-03 17:48:28,554 - INFO - Página 3: 100 empleados (300 total)
2025-09-03 17:48:37,435 - INFO - Página 4: 100 empleados (400 total)
2025-09-03 17:48:49,646 - INFO - Página 5: 100 empleados (500 total)
2025-09-03 17:48:59,487 - INFO - Página 6: 100 empleados (600 total)
2025-09-03 17:49:06,742 - INFO - Página 7: 100 empleados (700 total)
2025-09-03 17:49:18,073 - INFO - Página 8: 100 empleados (800 total)
2025-09-03 17:49:25,370 - INFO - Página 9: 100 empleados (900 total)
2025-09-03 17:49:36,608 - INFO - Página 10: 100 empleados (1000 total)
2025-09-03 17:49:49,825 - INFO - Página 11: 95 empleados (1095 total)
2025-09-03 17:49:49,826 - INFO - Total empleados obtenidos: 1095
2025-09-03 17:49:49,848 - INFO - Iniciando descarga de liquidaciones para 01-01-2024...
2025-09-03 17:50:11,728 - INFO - Total liquidaciones obtenidas: 473
2025-09-03 17:50:11,732 - INFO - Empleados: 565, Liquidaciones: 473
2025-09-03 17:50:12,984 - INFO - 565 registros insertados en historical_settlements
2025-09-03 17:50:12,989 - INFO - Checkpoint guardado: 01-2024 (565 registros)
2025-09-03 17:50:12,990 - INFO - HULK COMPLETÓ 01-2024: 565 registros en 209.2s
2025-09-03 17:50:12,990 - INFO - HULK PROCESANDO [22/27]: 04-2024
2025-09-03 17:50:12,990 - INFO - Iniciando descarga de empleados...
2025-09-03 17:50:25,685 - INFO - Página 1: 100 empleados (100 total)
2025-09-03 17:50:36,670 - INFO - Página 2: 100 empleados (200 total)
2025-09-03 17:50:52,920 - INFO - Página 3: 100 empleados (300 total)
2025-09-03 17:51:01,829 - INFO - Página 4: 100 empleados (400 total)
2025-09-03 17:51:19,088 - INFO - Página 5: 100 empleados (500 total)
2025-09-03 17:51:26,658 - INFO - Página 6: 100 empleados (600 total)
2025-09-03 17:51:34,260 - INFO - Página 7: 100 empleados (700 total)
2025-09-03 17:51:42,180 - INFO - Página 8: 100 empleados (800 total)
2025-09-03 17:52:13,505 - INFO - Página 9: 100 empleados (900 total)
2025-09-03 17:52:22,044 - INFO - Página 10: 100 empleados (1000 total)
2025-09-03 17:52:53,084 - WARNING - Timeout en intento 1/5
2025-09-03 17:53:07,378 - INFO - Página 11: 95 empleados (1095 total)
2025-09-03 17:53:07,379 - INFO - Total empleados obtenidos: 1095
2025-09-03 17:53:07,399 - INFO - Iniciando descarga de liquidaciones para 01-04-2024...
2025-09-03 17:53:34,880 - INFO - Total liquidaciones obtenidas: 486
2025-09-03 17:53:34,883 - INFO - Empleados: 565, Liquidaciones: 486
2025-09-03 17:53:35,999 - INFO - 565 registros insertados en historical_settlements
2025-09-03 17:53:36,003 - INFO - Checkpoint guardado: 04-2024 (565 registros)
2025-09-03 17:53:36,003 - INFO - HULK COMPLETÓ 04-2024: 565 registros en 203.0s
2025-09-03 17:53:36,004 - INFO - HULK PROCESANDO [23/27]: 07-2024
2025-09-03 17:53:36,004 - INFO - Iniciando descarga de empleados...
2025-09-03 17:53:43,722 - INFO - Página 1: 100 empleados (100 total)
2025-09-03 17:53:55,808 - INFO - Página 2: 100 empleados (200 total)
2025-09-03 17:54:04,961 - INFO - Página 3: 100 empleados (300 total)
2025-09-03 17:54:14,532 - INFO - Página 4: 100 empleados (400 total)
2025-09-03 17:54:22,374 - INFO - Página 5: 100 empleados (500 total)
2025-09-03 17:54:30,798 - INFO - Página 6: 100 empleados (600 total)
2025-09-03 17:54:50,076 - INFO - Página 7: 100 empleados (700 total)
2025-09-03 17:54:59,184 - INFO - Página 8: 100 empleados (800 total)
2025-09-03 17:55:09,003 - INFO - Página 9: 100 empleados (900 total)
2025-09-03 17:55:16,440 - INFO - Página 10: 100 empleados (1000 total)
2025-09-03 17:55:25,785 - INFO - Página 11: 95 empleados (1095 total)
2025-09-03 17:55:25,785 - INFO - Total empleados obtenidos: 1095
2025-09-03 17:55:25,804 - INFO - Iniciando descarga de liquidaciones para 01-07-2024...
2025-09-03 17:55:51,068 - INFO - Descarga de liquidaciones completada. Total páginas: 5
2025-09-03 17:55:51,068 - INFO - Total liquidaciones obtenidas: 500
2025-09-03 17:55:51,073 - INFO - Empleados: 565, Liquidaciones: 500
2025-09-03 17:55:52,131 - INFO - 565 registros insertados en historical_settlements
2025-09-03 17:55:52,136 - INFO - Checkpoint guardado: 07-2024 (565 registros)
2025-09-03 17:55:52,137 - INFO - HULK COMPLETÓ 07-2024: 565 registros en 136.1s
2025-09-03 17:55:52,137 - INFO - HULK PROCESANDO [24/27]: 10-2024
2025-09-03 17:55:52,137 - INFO - Iniciando descarga de empleados...
2025-09-03 17:56:01,910 - INFO - Página 1: 100 empleados (100 total)
2025-09-03 17:56:12,187 - INFO - Página 2: 100 empleados (200 total)
2025-09-03 17:56:23,853 - INFO - Página 3: 100 empleados (300 total)
2025-09-03 17:56:34,848 - INFO - Página 4: 100 empleados (400 total)
2025-09-03 17:56:43,361 - INFO - Página 5: 100 empleados (500 total)
2025-09-03 17:56:52,933 - INFO - Página 6: 100 empleados (600 total)
2025-09-03 17:57:00,691 - INFO - Página 7: 100 empleados (700 total)
2025-09-03 17:57:08,230 - INFO - Página 8: 100 empleados (800 total)
2025-09-03 17:57:15,504 - INFO - Página 9: 100 empleados (900 total)
2025-09-03 17:57:24,024 - INFO - Página 10: 100 empleados (1000 total)
2025-09-03 17:57:32,555 - INFO - Página 11: 95 empleados (1095 total)
2025-09-03 17:57:32,556 - INFO - Total empleados obtenidos: 1095
2025-09-03 17:57:32,590 - INFO - Iniciando descarga de liquidaciones para 01-10-2024...
2025-09-03 17:57:58,815 - INFO - Total liquidaciones obtenidas: 513
2025-09-03 17:57:58,820 - INFO - Empleados: 565, Liquidaciones: 513
2025-09-03 17:57:59,848 - INFO - 565 registros insertados en historical_settlements
2025-09-03 17:57:59,852 - INFO - Checkpoint guardado: 10-2024 (565 registros)
2025-09-03 17:57:59,852 - INFO - HULK COMPLETÓ 10-2024: 565 registros en 127.7s
2025-09-03 17:57:59,853 - INFO - HULK PROCESANDO [25/27]: 01-2025
2025-09-03 17:57:59,853 - INFO - Iniciando descarga de empleados...
2025-09-03 17:58:09,274 - INFO - Página 1: 100 empleados (100 total)
2025-09-03 17:58:22,394 - INFO - Página 2: 100 empleados (200 total)
2025-09-03 17:58:30,124 - INFO - Página 3: 100 empleados (300 total)
2025-09-03 17:58:37,575 - INFO - Página 4: 100 empleados (400 total)
2025-09-03 17:58:48,675 - INFO - Página 5: 100 empleados (500 total)
2025-09-03 17:58:58,849 - INFO - Página 6: 100 empleados (600 total)
2025-09-03 17:59:07,948 - INFO - Página 7: 100 empleados (700 total)
2025-09-03 17:59:18,156 - INFO - Página 8: 100 empleados (800 total)
2025-09-03 17:59:27,569 - INFO - Página 9: 100 empleados (900 total)
2025-09-03 17:59:35,342 - INFO - Página 10: 100 empleados (1000 total)
2025-09-03 17:59:44,567 - INFO - Página 11: 95 empleados (1095 total)
2025-09-03 17:59:44,567 - INFO - Total empleados obtenidos: 1095
2025-09-03 17:59:44,588 - INFO - Iniciando descarga de liquidaciones para 01-01-2025...
2025-09-03 18:00:14,396 - INFO - Total liquidaciones obtenidas: 532
2025-09-03 18:00:14,401 - INFO - Empleados: 565, Liquidaciones: 532
2025-09-03 18:00:15,434 - INFO - 565 registros insertados en historical_settlements
2025-09-03 18:00:15,437 - INFO - Checkpoint guardado: 01-2025 (565 registros)
2025-09-03 18:00:15,438 - INFO - HULK COMPLETÓ 01-2025: 565 registros en 135.6s
2025-09-03 18:00:15,438 - INFO - HULK PROCESANDO [26/27]: 04-2025
2025-09-03 18:00:15,438 - INFO - Iniciando descarga de empleados...
2025-09-03 18:00:46,377 - WARNING - Timeout en intento 1/5
2025-09-03 18:01:17,182 - INFO - Página 1: 100 empleados (100 total)
2025-09-03 18:01:36,658 - INFO - Página 2: 100 empleados (200 total)
2025-09-03 18:01:45,609 - INFO - Página 3: 100 empleados (300 total)
2025-09-03 18:02:03,991 - INFO - Página 4: 100 empleados (400 total)
2025-09-03 18:02:16,801 - INFO - Página 5: 100 empleados (500 total)
2025-09-03 18:02:31,216 - INFO - Página 6: 100 empleados (600 total)
2025-09-03 18:02:48,529 - INFO - Página 7: 100 empleados (700 total)
2025-09-03 18:02:58,767 - INFO - Página 8: 100 empleados (800 total)
2025-09-03 18:03:18,394 - INFO - Página 9: 100 empleados (900 total)
2025-09-03 18:03:28,623 - INFO - Página 10: 100 empleados (1000 total)
2025-09-03 18:03:37,784 - INFO - Página 11: 95 empleados (1095 total)
2025-09-03 18:03:37,785 - INFO - Total empleados obtenidos: 1095
2025-09-03 18:03:37,805 - INFO - Iniciando descarga de liquidaciones para 01-04-2025...
2025-09-03 18:04:29,759 - INFO - Total liquidaciones obtenidas: 547
2025-09-03 18:04:29,766 - INFO - Empleados: 565, Liquidaciones: 547
2025-09-03 18:04:30,784 - INFO - 565 registros insertados en historical_settlements
2025-09-03 18:04:30,787 - INFO - Checkpoint guardado: 04-2025 (565 registros)
2025-09-03 18:04:30,788 - INFO - HULK COMPLETÓ 04-2025: 565 registros en 255.3s
2025-09-03 18:04:30,788 - INFO - HULK PROCESANDO [27/27]: 07-2025
2025-09-03 18:04:30,789 - INFO - Iniciando descarga de empleados...
2025-09-03 18:04:39,437 - INFO - Página 1: 100 empleados (100 total)
2025-09-03 18:04:49,977 - INFO - Página 2: 100 empleados (200 total)
2025-09-03 18:05:00,288 - INFO - Página 3: 100 empleados (300 total)
2025-09-03 18:05:14,452 - INFO - Página 4: 100 empleados (400 total)
2025-09-03 18:05:31,067 - INFO - Página 5: 100 empleados (500 total)
2025-09-03 18:05:43,728 - INFO - Página 6: 100 empleados (600 total)
2025-09-03 18:06:03,718 - INFO - Página 7: 100 empleados (700 total)
2025-09-03 18:06:14,253 - INFO - Página 8: 100 empleados (800 total)
2025-09-03 18:06:24,637 - INFO - Página 9: 100 empleados (900 total)
2025-09-03 18:06:32,119 - INFO - Página 10: 100 empleados (1000 total)
2025-09-03 18:06:40,705 - INFO - Página 11: 95 empleados (1095 total)
2025-09-03 18:06:40,706 - INFO - Total empleados obtenidos: 1095
2025-09-03 18:06:40,722 - INFO - Iniciando descarga de liquidaciones para 01-07-2025...
2025-09-03 18:07:09,735 - INFO - Total liquidaciones obtenidas: 565
2025-09-03 18:07:09,739 - INFO - Empleados: 565, Liquidaciones: 565
2025-09-03 18:07:10,719 - INFO - 565 registros insertados en historical_settlements
2025-09-03 18:07:10,722 - INFO - Checkpoint guardado: 07-2025 (565 registros)
2025-09-03 18:07:10,722 - INFO - HULK COMPLETÓ 07-2025: 565 registros en 159.9s
2025-09-03 18:07:10,723 - INFO - HULK TERMINÓ! Total registros procesados: 15255
2025-09-03 18:07:10,751 - INFO - Creando Excel HULK desde la base de datos...
2025-09-03 18:07:13,485 - INFO - Datos cargados: 30510 registros, 565 empleados únicos
2025-09-03 18:07:38,151 - INFO - Excel HULK creado: hulk_historial_completo.xlsx
2025-09-03 18:07:38,155 - INFO - HULK COMPLETADO en 68.9 minutos
